!SESSION 2023-02-13 10:45:44.547 -----------------------------------------------
eclipse.buildId=unknown
java.version=11.0.17
java.vendor=Ubuntu
BootLoader constants: OS=linux, ARCH=x86_64, WS=gtk, NL=en_US

!ENTRY io.netty.transport-native-unix-common 4 0 2023-02-13 10:45:44.547
!MESSAGE FrameworkEvent ERROR
!STACK 0
org.osgi.framework.BundleException: Could not resolve module: io.netty.transport-native-unix-common [79]
  Unresolved requirement: Import-Package: io.netty.buffer; version="[4.1.0,5.0.0)"

	at org.eclipse.osgi.container.Module.start(Module.java:457)
	at org.eclipse.osgi.container.ModuleContainer$ContainerStartLevel$1.run(ModuleContainer.java:1820)
	at org.eclipse.osgi.internal.framework.EquinoxContainerAdaptor$2$1.execute(EquinoxContainerAdaptor.java:150)
	at org.eclipse.osgi.container.ModuleContainer$ContainerStartLevel.incStartLevel(ModuleContainer.java:1813)
	at org.eclipse.osgi.container.ModuleContainer$ContainerStartLevel.incStartLevel(ModuleContainer.java:1770)
	at org.eclipse.osgi.container.ModuleContainer$ContainerStartLevel.doContainerStartLevel(ModuleContainer.java:1735)
	at org.eclipse.osgi.container.ModuleContainer$ContainerStartLevel.dispatchEvent(ModuleContainer.java:1661)
	at org.eclipse.osgi.container.ModuleContainer$ContainerStartLevel.dispatchEvent(ModuleContainer.java:1)
	at org.eclipse.osgi.framework.eventmgr.EventManager.dispatchEvent(EventManager.java:234)
	at org.eclipse.osgi.framework.eventmgr.EventManager$EventThread.run(EventManager.java:345)

!ENTRY io.swagger.core 4 0 2023-02-13 10:45:44.548
!MESSAGE FrameworkEvent ERROR
!STACK 0
org.osgi.framework.BundleException: Could not resolve module: io.swagger.core [81]
  Unresolved requirement: Import-Package: javax.validation.constraints; version="[1.1.0,2.0.0)"

	at org.eclipse.osgi.container.Module.start(Module.java:457)
	at org.eclipse.osgi.container.ModuleContainer$ContainerStartLevel$1.run(ModuleContainer.java:1820)
	at org.eclipse.osgi.internal.framework.EquinoxContainerAdaptor$2$1.execute(EquinoxContainerAdaptor.java:150)
	at org.eclipse.osgi.container.ModuleContainer$ContainerStartLevel.incStartLevel(ModuleContainer.java:1813)
	at org.eclipse.osgi.container.ModuleContainer$ContainerStartLevel.incStartLevel(ModuleContainer.java:1770)
	at org.eclipse.osgi.container.ModuleContainer$ContainerStartLevel.doContainerStartLevel(ModuleContainer.java:1735)
	at org.eclipse.osgi.container.ModuleContainer$ContainerStartLevel.dispatchEvent(ModuleContainer.java:1661)
	at org.eclipse.osgi.container.ModuleContainer$ContainerStartLevel.dispatchEvent(ModuleContainer.java:1)
	at org.eclipse.osgi.framework.eventmgr.EventManager.dispatchEvent(EventManager.java:234)
	at org.eclipse.osgi.framework.eventmgr.EventManager$EventThread.run(EventManager.java:345)

!ENTRY org.eclipse.equinox.ds 1 0 2023-02-13 10:45:45.261
!MESSAGE Could not bind a reference of component org.wso2.carbon.caching.impl.internal.CachingServiceComponent. The reference is: Reference[name = cache.entry.listener.service, interface = javax.cache.event.CacheEntryListener, policy = dynamic, cardinality = 0..n, target = null, bind = addCacheEntryListener, unbind = removeCacheEntryListener]

!ENTRY org.eclipse.equinox.ds 1 0 2023-02-13 10:45:45.261
!MESSAGE Could not bind a reference of component org.wso2.carbon.caching.impl.internal.CachingServiceComponent. The reference is: Reference[name = cache.invalidation.request.sender.service, interface = javax.cache.CacheInvalidationRequestSender, policy = dynamic, cardinality = 0..n, target = null, bind = addCacheInvalidationRequestSender, unbind = removeCacheInvalidationRequestSender]

!ENTRY org.eclipse.equinox.ds 1 0 2023-02-13 10:45:45.261
!MESSAGE Could not bind a reference of component org.wso2.carbon.caching.impl.internal.CachingServiceComponent. The reference is: Reference[name = config.context.service, interface = org.wso2.carbon.utils.ConfigurationContextService, policy = dynamic, cardinality = 0..1, target = null, bind = setClusteringAgent, unbind = unsetClusteringAgent]

!ENTRY org.eclipse.equinox.ds 1 0 2023-02-13 10:45:45.262
!MESSAGE Could not bind a reference of component org.wso2.carbon.caching.impl.internal.CachingServiceComponent. The reference is: Reference[name = distributedMapProvider, interface = org.wso2.carbon.caching.impl.DistributedMapProvider, policy = dynamic, cardinality = 0..1, target = null, bind = setDistributedMapProvider, unbind = unsetDistributedMapProvider]

!ENTRY org.eclipse.equinox.ds 1 0 2023-02-13 10:45:45.553
!MESSAGE Could not bind a reference of component org.wso2.carbon.crypto.impl. The reference is: Reference[name = externalCryptoProvider, interface = org.wso2.carbon.crypto.api.ExternalCryptoProvider, policy = dynamic, cardinality = 0..n, target = null, bind = setExternalCryptoProvider, unbind = unsetExternalCryptoProvider]

!ENTRY org.eclipse.equinox.ds 1 0 2023-02-13 10:45:45.553
!MESSAGE Could not bind a reference of component org.wso2.carbon.crypto.impl. The reference is: Reference[name = internalCryptoProvider, interface = org.wso2.carbon.crypto.api.InternalCryptoProvider, policy = dynamic, cardinality = 0..n, target = null, bind = setInternalCryptoProvider, unbind = unsetInternalCryptoProvider]

!ENTRY org.eclipse.equinox.ds 1 0 2023-02-13 10:45:45.554
!MESSAGE Could not bind a reference of component org.wso2.carbon.crypto.impl. The reference is: Reference[name = keyResolver, interface = org.wso2.carbon.crypto.api.KeyResolver, policy = dynamic, cardinality = 0..n, target = null, bind = setKeyResolver, unbind = unsetKeyResolver]

!ENTRY org.eclipse.equinox.ds 1 0 2023-02-13 10:45:45.602
!MESSAGE Could not bind a reference of component org.wso2.carbon.deployment.synchronizer.subversion. The reference is: Reference[name = carbon.tomcat.service, interface = org.wso2.carbon.tomcat.api.CarbonTomcatService, policy = dynamic, cardinality = 0..1, target = null, bind = setCarbonTomcatService, unbind = unsetCarbonTomcatService]

!ENTRY org.eclipse.equinox.ds 1 0 2023-02-13 10:45:45.639
!MESSAGE Could not bind a reference of component event.input.adapter.service. The reference is: Reference[name = config.context.service, interface = org.wso2.carbon.utils.ConfigurationContextService, policy = dynamic, cardinality = 0..1, target = null, bind = setConfigurationContextService, unbind = unsetConfigurationContextService]

!ENTRY org.eclipse.equinox.ds 1 0 2023-02-13 10:45:45.639
!MESSAGE Could not bind a reference of component event.input.adapter.service. The reference is: Reference[name = input.event.adapter.tracker.service, interface = org.wso2.carbon.event.input.adapter.core.InputEventAdapterFactory, policy = dynamic, cardinality = 0..n, target = null, bind = setEventAdapterType, unbind = unSetEventAdapterType]

!ENTRY org.eclipse.equinox.ds 1 0 2023-02-13 10:45:45.774
!MESSAGE Could not bind a reference of component input.Kafka.EventAdaptorService.component. The reference is: Reference[name = configurationcontext.service, interface = org.wso2.carbon.utils.ConfigurationContextService, policy = dynamic, cardinality = 0..1, target = null, bind = setConfigurationContextService, unbind = unsetConfigurationContextService]

!ENTRY org.eclipse.equinox.ds 1 0 2023-02-13 10:45:45.890
!MESSAGE Could not bind a reference of component eventProcessorManagementService.component. The reference is: Reference[name = configuration.contextService.service, interface = org.wso2.carbon.utils.ConfigurationContextService, policy = dynamic, cardinality = 0..1, target = null, bind = setConfigurationContextService, unbind = unsetConfigurationContextService]

!ENTRY org.eclipse.equinox.ds 1 0 2023-02-13 10:45:45.890
!MESSAGE Could not bind a reference of component eventProcessorManagementService.component. The reference is: Reference[name = hazelcast.instance.service, interface = com.hazelcast.core.HazelcastInstance, policy = dynamic, cardinality = 0..1, target = null, bind = setHazelcastInstance, unbind = unsetHazelcastInstance]

!ENTRY org.eclipse.equinox.ds 1 0 2023-02-13 10:45:45.923
!MESSAGE Could not bind a reference of component eventStreamService.component. The reference is: Reference[name = config.context.service, interface = org.wso2.carbon.utils.ConfigurationContextService, policy = dynamic, cardinality = 0..1, target = null, bind = setConfigurationContextService, unbind = unsetConfigurationContextService]

!ENTRY org.eclipse.equinox.ds 1 0 2023-02-13 10:45:45.923
!MESSAGE Could not bind a reference of component eventStreamService.component. The reference is: Reference[name = eventStreamListener.service, interface = org.wso2.carbon.event.stream.core.EventStreamListener, policy = dynamic, cardinality = 0..n, target = null, bind = setEventStreamListener, unbind = unsetEventStreamListener]

!ENTRY org.eclipse.equinox.ds 1 0 2023-02-13 10:45:45.937
!MESSAGE Could not bind a reference of component output.Ui.AdapterService.component. The reference is: Reference[name = ui.event.adapter.externsion, interface = org.wso2.carbon.event.output.adapter.ui.UIOutputAuthorizationService, policy = dynamic, cardinality = 0..n, target = null, bind = setUIOutputAuthorizationService, unbind = unsetUIOutputAuthorizationService]

!ENTRY org.eclipse.equinox.ds 1 0 2023-02-13 10:45:45.946
!MESSAGE Could not bind a reference of component template.deployer.service.tracker.component. The reference is: Reference[name = template.deployer.tracker.service, interface = org.wso2.carbon.event.template.manager.core.TemplateDeployer, policy = dynamic, cardinality = 0..n, target = null, bind = setTemplateDeployer, unbind = unSetTemplateDeployer]

!ENTRY org.eclipse.equinox.ds 1 0 2023-02-13 10:45:45.987
!MESSAGE Could not bind a reference of component org.wso2.carbon.identity.application.mgt.listener. The reference is: Reference[name = application.resource.mgt.event.listener.service, interface = org.wso2.carbon.identity.application.mgt.listener.ApplicationResourceManagementListener, policy = dynamic, cardinality = 0..n, target = null, bind = addApplicationResourceMgtListener, unbind = removeApplicationResourceMgtListener]

!ENTRY org.eclipse.equinox.ds 1 0 2023-02-13 10:45:46.048
!MESSAGE Could not bind a reference of component carbon.identity.notification.mgt. The reference is: Reference[name = ldap.tenant.manager.listener.service, interface = org.wso2.carbon.identity.notification.mgt.NotificationSendingModule, policy = dynamic, cardinality = 0..n, target = null, bind = addNotificationSendingModule, unbind = removeNotificationSendingModule]

!ENTRY org.eclipse.equinox.ds 1 0 2023-02-13 10:45:46.214
!MESSAGE Could not bind a reference of component event.output.adapter.service. The reference is: Reference[name = config.context.service, interface = org.wso2.carbon.utils.ConfigurationContextService, policy = dynamic, cardinality = 0..1, target = null, bind = setConfigurationContextService, unbind = unsetConfigurationContextService]

!ENTRY org.eclipse.equinox.ds 1 0 2023-02-13 10:45:46.236
!MESSAGE Could not bind a reference of component eventPublisherService.component. The reference is: Reference[name = config.context.service, interface = org.wso2.carbon.utils.ConfigurationContextService, policy = dynamic, cardinality = 0..1, target = null, bind = setConfigurationContextService, unbind = unsetConfigurationContextService]

!ENTRY org.eclipse.equinox.ds 1 0 2023-02-13 10:45:46.239
!MESSAGE Could not bind a reference of component eventPublisherService.component. The reference is: Reference[name = registry.service, interface = org.wso2.carbon.registry.core.service.RegistryService, policy = dynamic, cardinality = 0..1, target = null, bind = setRegistryService, unbind = unsetRegistryService]

!ENTRY org.eclipse.equinox.ds 1 0 2023-02-13 10:45:46.242
!MESSAGE Could not bind a reference of component org.wso2.carbon.ndatasource. The reference is: Reference[name = config.context.service, interface = org.wso2.carbon.utils.ConfigurationContextService, policy = dynamic, cardinality = 0..1, target = null, bind = setConfigurationContextService, unbind = unsetConfigurationContextService]

!ENTRY org.eclipse.equinox.ds 1 0 2023-02-13 10:45:46.242
!MESSAGE Could not bind a reference of component org.wso2.carbon.ndatasource. The reference is: Reference[name = external.crypto.service, interface = org.wso2.carbon.crypto.api.ExternalCryptoProvider, policy = dynamic, cardinality = 0..1, target = null, bind = setExternalCryptoProvider, unbind = unsetExternalCryptoProvider]

!ENTRY org.eclipse.equinox.ds 1 0 2023-02-13 10:45:46.243
!MESSAGE Could not bind a reference of component org.wso2.carbon.ndatasource. The reference is: Reference[name = registry.service, interface = org.wso2.carbon.registry.core.service.RegistryService, policy = dynamic, cardinality = 0..1, target = null, bind = setRegistryService, unbind = unsetRegistryService]

!ENTRY org.eclipse.equinox.ds 1 0 2023-02-13 10:45:46.390
!MESSAGE Could not bind a reference of component org.wso2.carbon.ndatasource. The reference is: Reference[name = user.realmservice.default, interface = org.wso2.carbon.user.core.service.RealmService, policy = dynamic, cardinality = 0..1, target = null, bind = setRealmService, unbind = unsetRealmService]

!ENTRY org.eclipse.equinox.ds 1 0 2023-02-13 10:45:46.652
!MESSAGE Could not bind a reference of component org.wso2.carbon.tomcat.internal.CarbonTomcatServiceComponent. The reference is: Reference[name = sci, interface = javax.servlet.ServletContainerInitializer, policy = dynamic, cardinality = 0..n, target = null, bind = setServletContainerInitializer, unbind = unsetServletContainerInitializer]

!ENTRY org.eclipse.equinox.ds 1 0 2023-02-13 10:45:47.570
!MESSAGE Could not bind a reference of component carbon.consent.mgt.component. The reference is: Reference[name = consent.interceptor, interface = org.wso2.carbon.consent.mgt.core.connector.ConsentMgtInterceptor, policy = dynamic, cardinality = 0..n, target = null, bind = setConsentInterceptor, unbind = unsetConsentInterceptor]

!ENTRY org.eclipse.equinox.ds 1 0 2023-02-13 10:45:47.570
!MESSAGE Could not bind a reference of component carbon.consent.mgt.component. The reference is: Reference[name = pii.controller, interface = org.wso2.carbon.consent.mgt.core.connector.PIIController, policy = dynamic, cardinality = 0..n, target = null, bind = setPIIController, unbind = unsetPIIController]

!ENTRY org.eclipse.equinox.ds 1 0 2023-02-13 10:45:47.570
!MESSAGE Could not bind a reference of component carbon.consent.mgt.component. The reference is: Reference[name = piiCategory.dao, interface = org.wso2.carbon.consent.mgt.core.dao.PIICategoryDAO, policy = dynamic, cardinality = 0..n, target = null, bind = setPIICategory, unbind = unsetPIICategory]

!ENTRY org.eclipse.equinox.ds 1 0 2023-02-13 10:45:47.570
!MESSAGE Could not bind a reference of component carbon.consent.mgt.component. The reference is: Reference[name = purpose.dao, interface = org.wso2.carbon.consent.mgt.core.dao.PurposeDAO, policy = dynamic, cardinality = 0..n, target = null, bind = setPurpose, unbind = unsetPurpose]

!ENTRY org.eclipse.equinox.ds 1 0 2023-02-13 10:45:47.570
!MESSAGE Could not bind a reference of component carbon.consent.mgt.component. The reference is: Reference[name = purposeCategory.dao, interface = org.wso2.carbon.consent.mgt.core.dao.PurposeCategoryDAO, policy = dynamic, cardinality = 0..n, target = null, bind = setPurposeCategory, unbind = unsetPurposeCategory]

!ENTRY org.eclipse.equinox.ds 1 0 2023-02-13 10:45:47.572
!MESSAGE Could not bind a reference of component carbon.consent.mgt.component. The reference is: Reference[name = receipt.dao, interface = org.wso2.carbon.consent.mgt.core.dao.ReceiptDAO, policy = dynamic, cardinality = 0..n, target = null, bind = setReceiptDAO, unbind = unsetReceiptDAO]

!ENTRY org.eclipse.equinox.ds 1 0 2023-02-13 10:45:47.589
!MESSAGE Could not bind a reference of component databridge.component. The reference is: Reference[name = config.context.service, interface = org.wso2.carbon.utils.ConfigurationContextService, policy = dynamic, cardinality = 0..1, target = null, bind = setConfigurationContextService, unbind = unsetConfigurationContextService]

!ENTRY org.eclipse.equinox.ds 1 0 2023-02-13 10:45:47.631
!MESSAGE Could not bind a reference of component org.wso2.carbon.identity.authz.service. The reference is: Reference[name = org.wso2.carbon.identity.authz.handler.authz, interface = org.wso2.carbon.identity.authz.service.handler.AuthorizationHandler, policy = dynamic, cardinality = 0..n, target = null, bind = setAuthorizationHandler, unbind = unsetAuthorizationHandler]

!ENTRY org.eclipse.equinox.ds 1 0 2023-02-13 10:45:47.631
!MESSAGE Could not bind a reference of component org.wso2.carbon.identity.authz.service. The reference is: Reference[name = org.wso2.carbon.identity.authz.handler.resource, interface = org.wso2.carbon.identity.authz.service.handler.ResourceHandler, policy = dynamic, cardinality = 0..n, target = null, bind = setResourceHandler, unbind = unsetResourceHandler]

!ENTRY org.eclipse.equinox.ds 1 0 2023-02-13 10:45:47.698
!MESSAGE Could not bind a reference of component registry.core.dscomponent. The reference is: Reference[name = CacheInvalidator, interface = org.wso2.carbon.caching.impl.CacheInvalidator, policy = dynamic, cardinality = 0..n, target = null, bind = setCacheInvalidatorService, unbind = unSetCacheInvalidatorService]

!ENTRY org.eclipse.equinox.ds 1 0 2023-02-13 10:45:47.698
!MESSAGE Could not bind a reference of component registry.core.dscomponent. The reference is: Reference[name = statistics.collector, interface = org.wso2.carbon.registry.core.statistics.StatisticsCollector, policy = dynamic, cardinality = 0..n, target = null, bind = setStatisticsCollector, unbind = unsetStatisticsCollector]

!ENTRY org.eclipse.equinox.ds 1 0 2023-02-13 10:45:48.079
!MESSAGE Could not bind a reference of component eventReceiverService.component. The reference is: Reference[name = config.context.service, interface = org.wso2.carbon.utils.ConfigurationContextService, policy = dynamic, cardinality = 0..1, target = null, bind = setConfigurationContextService, unbind = unsetConfigurationContextService]

!ENTRY org.eclipse.equinox.ds 1 0 2023-02-13 10:45:49.088
!MESSAGE Could not bind a reference of component org.wso2.carbon.registry.resource. The reference is: Reference[name = registry.download.service, interface = org.wso2.carbon.registry.resource.download.DownloadManagerService, policy = dynamic, cardinality = 0..1, target = null, bind = setDownloadManagerService, unbind = unsetDownloadManagerService]

!ENTRY org.eclipse.equinox.ds 1 0 2023-02-13 10:45:49.088
!MESSAGE Could not bind a reference of component org.wso2.carbon.registry.resource. The reference is: Reference[name = registry.notification.service, interface = org.wso2.carbon.registry.common.eventing.NotificationService, policy = dynamic, cardinality = 0..1, target = null, bind = setRegistryNotificationService, unbind = unsetRegistryNotificationService]

!ENTRY org.eclipse.equinox.ds 1 0 2023-02-13 10:45:49.090
!MESSAGE Could not bind a reference of component org.wso2.carbon.registry.server. The reference is: Reference[name = config.context.service, interface = org.wso2.carbon.utils.ConfigurationContextService, policy = dynamic, cardinality = 0..1, target = null, bind = setConfigurationContextService, unbind = unsetConfigurationContextService]

!ENTRY org.eclipse.equinox.ds 1 0 2023-02-13 10:45:49.091
!MESSAGE Could not bind a reference of component org.wso2.carbon.registry.servlet. The reference is: Reference[name = registry.uddi, interface = org.wso2.carbon.registry.core.servlet.UDDIServlet, policy = dynamic, cardinality = 0..1, target = null, bind = setJUDDIRegistryServlet, unbind = unsetJUDDIRegistryServlet]

!ENTRY org.eclipse.equinox.ds 1 0 2023-02-13 10:45:49.197
!MESSAGE Could not bind a reference of component carbon.sts.component. The reference is: Reference[name = identity.attribute.service, interface = org.wso2.carbon.identity.sts.common.identity.provider.IdentityAttributeService, policy = dynamic, cardinality = 0..n, target = null, bind = addAttributeService, unbind = removeAttributeService]

!ENTRY org.eclipse.equinox.ds 1 0 2023-02-13 10:45:49.233
!MESSAGE Could not bind a reference of component org.wso2.carbon.user.core.listener. The reference is: Reference[name = authorization.manager.listener.service, interface = org.wso2.carbon.user.core.listener.AuthorizationManagerListener, policy = dynamic, cardinality = 0..n, target = null, bind = setAuthorizationManagerListenerService, unbind = unsetAuthorizationManagerListenerService]

!ENTRY org.eclipse.equinox.ds 1 0 2023-02-13 10:45:49.234
!MESSAGE Could not bind a reference of component org.wso2.carbon.user.core.listener. The reference is: Reference[name = claim.manager.listener.service, interface = org.wso2.carbon.user.core.listener.ClaimManagerListener, policy = dynamic, cardinality = 0..n, target = null, bind = setClaimManagerListenerService, unbind = unsetClaimManagerListenerService]

!ENTRY org.eclipse.equinox.ds 1 0 2023-02-13 10:45:49.234
!MESSAGE Could not bind a reference of component org.wso2.carbon.user.core.listener. The reference is: Reference[name = ldap.tenant.manager.listener.service, interface = org.wso2.carbon.user.core.tenant.LDAPTenantManager, policy = dynamic, cardinality = 0..n, target = null, bind = addLDAPTenantManager, unbind = removeLDAPTenantManager]

!ENTRY org.eclipse.equinox.ds 1 0 2023-02-13 10:45:49.234
!MESSAGE Could not bind a reference of component org.wso2.carbon.user.core.listener. The reference is: Reference[name = user.management.error.event.listener.service, interface = org.wso2.carbon.user.core.listener.UserManagementErrorEventListener, policy = dynamic, cardinality = 0..n, target = null, bind = setUserManagementErrorEventListenerService, unbind = unsetUserManagementErrorEventListenerService]

!ENTRY org.eclipse.equinox.ds 1 0 2023-02-13 10:45:49.235
!MESSAGE Could not bind a reference of component org.wso2.carbon.user.core.listener. The reference is: Reference[name = user.operation.event.listener.service, interface = org.wso2.carbon.user.core.listener.UserOperationEventListener, policy = dynamic, cardinality = 0..n, target = null, bind = setUserOperationEventListenerService, unbind = unsetUserOperationEventListenerService]

!ENTRY org.eclipse.equinox.ds 1 0 2023-02-13 10:45:49.235
!MESSAGE Could not bind a reference of component org.wso2.carbon.user.core.listener. The reference is: Reference[name = user.store.manager.listener.service, interface = org.wso2.carbon.user.core.listener.UserStoreManagerListener, policy = dynamic, cardinality = 0..n, target = null, bind = setUserStoreManagerListenerService, unbind = unsetUserStoreManagerListenerService]

!ENTRY org.eclipse.equinox.ds 1 0 2023-02-13 10:45:49.241
!MESSAGE Could not bind a reference of component user.store.mgt.dscomponent. The reference is: Reference[name = claim.mgt.component, interface = org.wso2.carbon.user.core.claim.ClaimManagerFactory, policy = dynamic, cardinality = 0..1, target = null, bind = setClaimManagerFactory, unbind = unsetClaimManagerFactory]

!ENTRY org.eclipse.equinox.ds 1 0 2023-02-13 10:45:49.278
!MESSAGE Could not bind a reference of component org.wso2.carbon.context.internal.CarbonContextDiscoveryServiceComponent. The reference is: Reference[name = discoveryService, interface = org.wso2.carbon.base.DiscoveryService, policy = dynamic, cardinality = 0..1, target = null, bind = setDiscoveryService, unbind = unsetDiscoveryService]

!ENTRY org.eclipse.equinox.ds 1 0 2023-02-13 10:45:49.289
!MESSAGE Could not bind a reference of component carbon.core.dscomponent. The reference is: Reference[name = coordinatedActivity, interface = org.wso2.carbon.core.clustering.api.CoordinatedActivity, policy = dynamic, cardinality = 0..n, target = null, bind = addCoordinatedActivity, unbind = removeCoordinatedActivity]

!ENTRY org.eclipse.equinox.ds 1 0 2023-02-13 10:45:49.290
!MESSAGE Could not bind a reference of component carbon.core.dscomponent. The reference is: Reference[name = serverRestartHandler, interface = org.wso2.carbon.core.ServerRestartHandler, policy = dynamic, cardinality = 0..n, target = null, bind = addServerRestartHandler, unbind = removeServerRestartHandler]

!ENTRY org.eclipse.equinox.ds 1 0 2023-02-13 10:45:49.290
!MESSAGE Could not bind a reference of component carbon.core.dscomponent. The reference is: Reference[name = serverShutdownHandler, interface = org.wso2.carbon.core.ServerShutdownHandler, policy = dynamic, cardinality = 0..n, target = null, bind = addServerShutdownHandler, unbind = removeServerShutdownHandler]

!ENTRY org.eclipse.equinox.ds 1 0 2023-02-13 10:45:49.290
!MESSAGE Could not bind a reference of component carbon.core.dscomponent. The reference is: Reference[name = serverStartupHandler, interface = org.wso2.carbon.core.ServerStartupHandler, policy = dynamic, cardinality = 0..n, target = null, bind = addServerStartupHandler, unbind = removeServerStartupHandler]

!ENTRY org.eclipse.equinox.ds 1 0 2023-02-13 10:45:49.310
!MESSAGE Could not bind a reference of component eventProcessorService.component. The reference is: Reference[name = configuration.context, interface = org.wso2.carbon.utils.ConfigurationContextService, policy = dynamic, cardinality = 0..1, target = null, bind = setConfigurationContext, unbind = unsetConfigurationContext]

!ENTRY org.eclipse.equinox.ds 1 0 2023-02-13 10:45:49.311
!MESSAGE Could not bind a reference of component eventProcessorService.component. The reference is: Reference[name = hazelcast.instance.service, interface = com.hazelcast.core.HazelcastInstance, policy = dynamic, cardinality = 0..1, target = null, bind = setHazelcastInstance, unbind = unsetHazelcastInstance]

!ENTRY org.eclipse.equinox.ds 1 0 2023-02-13 10:45:53.222
!MESSAGE Could not bind a reference of component org.wso2.carbon.deployment.synchronizer.XXX. The reference is: Reference[name = repository.reference.service, interface = org.wso2.carbon.deployment.synchronizer.ArtifactRepository, policy = dynamic, cardinality = 0..n, target = null, bind = addArtifactRepository, unbind = removeArtifactRepository]

!ENTRY org.eclipse.equinox.ds 1 0 2023-02-13 10:45:53.260
!MESSAGE Could not bind a reference of component identity.application.management.component. The reference is: Reference[name = application.mgt.authenticator, interface = org.wso2.carbon.identity.application.mgt.AbstractInboundAuthenticatorConfig, policy = dynamic, cardinality = 0..n, target = null, bind = setInboundAuthenticatorConfig, unbind = unsetInboundAuthenticatorConfig]

!ENTRY org.eclipse.equinox.ds 1 0 2023-02-13 10:45:53.268
!MESSAGE Could not bind a reference of component identity.oauth.dcr. The reference is: Reference[name = identity.oauth.dcr.handler.register, interface = org.wso2.carbon.identity.oauth.dcr.handler.RegistrationHandler, policy = dynamic, cardinality = 0..n, target = null, bind = setRegistrationHandler, unbind = unsetRegistrationHandler]

!ENTRY org.eclipse.equinox.ds 1 0 2023-02-13 10:45:53.268
!MESSAGE Could not bind a reference of component identity.oauth.dcr. The reference is: Reference[name = identity.oauth.dcr.handler.unregister, interface = org.wso2.carbon.identity.oauth.dcr.handler.UnRegistrationHandler, policy = dynamic, cardinality = 0..n, target = null, bind = setUnRegistrationHandler, unbind = unsetUnRegistrationHandler]

!ENTRY org.eclipse.equinox.ds 1 0 2023-02-13 10:45:53.286
!MESSAGE Could not bind a reference of component identity.oidc.session.component. The reference is: Reference[name = oidc.logout.handlers, interface = org.wso2.carbon.identity.oidc.session.handler.OIDCLogoutHandler, policy = dynamic, cardinality = 0..n, target = null, bind = registerOIDCLogoutHandler, unbind = unregisterOIDCLogoutHandler]

!ENTRY org.eclipse.equinox.ds 1 0 2023-02-13 10:45:53.287
!MESSAGE Could not bind a reference of component identity.oidc.session.component. The reference is: Reference[name = token.binding.service, interface = org.wso2.carbon.identity.oauth.common.token.bindings.TokenBinderInfo, policy = dynamic, cardinality = 0..n, target = null, bind = setTokenBinderInfo, unbind = unsetTokenBinderInfo]

!ENTRY org.eclipse.equinox.ds 1 0 2023-02-13 10:45:53.336
!MESSAGE Could not bind a reference of component carbon.configuration.mgt.component. The reference is: Reference[name = configuration.dao, interface = org.wso2.carbon.identity.configuration.mgt.core.dao.ConfigurationDAO, policy = dynamic, cardinality = 0..n, target = null, bind = setConfiguration, unbind = unsetConfiguration]

!ENTRY org.eclipse.equinox.ds 1 0 2023-02-13 10:45:53.378
!MESSAGE Could not bind a reference of component identity.core.component. The reference is: Reference[name = is.migration.client, interface = org.wso2.carbon.identity.core.migrate.MigrationClient, policy = dynamic, cardinality = 0..1, target = null, bind = setMigrationClient, unbind = unsetMigrationClient]

!ENTRY org.eclipse.equinox.ds 1 0 2023-02-13 10:45:53.379
!MESSAGE Could not bind a reference of component identity.core.component. The reference is: Reference[name = url.builder.factory, interface = org.wso2.carbon.identity.core.ServiceURLBuilderFactory, policy = dynamic, cardinality = 0..1, target = null, bind = setServiceURLBuilderFactory, unbind = unsetServiceURLBuilderFactory]

!ENTRY org.eclipse.equinox.ds 1 0 2023-02-13 10:45:53.470
!MESSAGE Could not bind a reference of component org.wso2.carbon.identity.auth.service. The reference is: Reference[name = org.wso2.carbon.identity.auth.service.handler.auth, interface = org.wso2.carbon.identity.auth.service.handler.AuthenticationHandler, policy = dynamic, cardinality = 0..n, target = null, bind = addAuthenticationHandler, unbind = removeAuthenticationHandler]

!ENTRY org.eclipse.equinox.ds 1 0 2023-02-13 10:45:53.471
!MESSAGE Could not bind a reference of component org.wso2.carbon.identity.auth.service. The reference is: Reference[name = org.wso2.carbon.identity.auth.service.handler.resource, interface = org.wso2.carbon.identity.auth.service.handler.ResourceHandler, policy = dynamic, cardinality = 0..n, target = null, bind = addResourceHandler, unbind = removeResourceHandler]

!ENTRY org.eclipse.equinox.ds 1 0 2023-02-13 10:45:53.509
!MESSAGE Could not bind a reference of component org.wso2.carbon.identity.auth.valve. The reference is: Reference[name = org.wso2.carbon.identity.auth.service.factory.auth, interface = org.wso2.carbon.identity.auth.service.factory.AuthenticationRequestBuilderFactory, policy = dynamic, cardinality = 0..n, target = null, bind = addAuthenticationRequestBuilderFactory, unbind = removeAuthenticationRequestBuilderFactory]

!ENTRY org.eclipse.equinox.ds 1 0 2023-02-13 10:45:53.533
!MESSAGE Could not bind a reference of component identity.claim.metadata.component. The reference is: Reference[name = claim.manager.listener.service, interface = org.wso2.carbon.user.core.listener.ClaimManagerListener, policy = dynamic, cardinality = 0..n, target = null, bind = setClaimManagerListener, unbind = unsetClaimManagerListener]

!ENTRY org.eclipse.equinox.ds 1 0 2023-02-13 10:45:53.596
!MESSAGE Could not bind a reference of component idp.mgt.dscomponent. The reference is: Reference[name = identity.core.ConnectorConfig, interface = org.wso2.carbon.identity.core.ConnectorConfig, policy = dynamic, cardinality = 0..n, target = null, bind = setIdentityGovernanceConnector, unbind = unsetGovernanceConnector]

!ENTRY org.eclipse.equinox.ds 1 0 2023-02-13 10:45:53.597
!MESSAGE Could not bind a reference of component idp.mgt.dscomponent. The reference is: Reference[name = identity.provider.saml.service.component, interface = org.wso2.carbon.idp.mgt.util.MetadataConverter, policy = dynamic, cardinality = 0..n, target = null, bind = setMetadataConverterService, unbind = unsetMetadataConverterService]

!ENTRY org.eclipse.equinox.ds 1 0 2023-02-13 10:45:53.640
!MESSAGE Could not bind a reference of component org.wso2.carbon.identity.governance.internal.IdentityMgtServiceComponent. The reference is: Reference[name = idp.mgt.event.listener.service, interface = org.wso2.carbon.identity.governance.common.IdentityConnectorConfig, policy = dynamic, cardinality = 0..n, target = null, bind = setIdentityGovernanceConnector, unbind = unsetIdentityGovernanceConnector]

!ENTRY org.eclipse.equinox.ds 1 0 2023-02-13 10:45:53.705
!MESSAGE Could not bind a reference of component identity.oauth2.component. The reference is: Reference[name = framework.authentication.context.method.name.translator, interface = org.wso2.carbon.identity.application.authentication.framework.AuthenticationMethodNameTranslator, policy = dynamic, cardinality = 0..1, target = null, bind = setAuthenticationMethodNameTranslator, unbind = unsetAuthenticationMethodNameTranslator]

!ENTRY org.eclipse.equinox.ds 1 0 2023-02-13 10:45:53.706
!MESSAGE Could not bind a reference of component identity.oauth2.component. The reference is: Reference[name = framework.authentication.data.publisher, interface = org.wso2.carbon.identity.application.authentication.framework.AuthenticationDataPublisher, policy = dynamic, cardinality = 0..n, target = null, bind = setAuthenticationDataPublisher, unbind = unsetAuthenticationDataPublisher]

!ENTRY org.eclipse.equinox.ds 1 0 2023-02-13 10:45:53.706
!MESSAGE Could not bind a reference of component identity.oauth2.component. The reference is: Reference[name = keyid.provider.component, interface = org.wso2.carbon.identity.oauth2.keyidprovider.KeyIDProvider, policy = dynamic, cardinality = 0..n, target = null, bind = setKeyIDProvider, unbind = unsetKeyIDProvider]

!ENTRY org.eclipse.equinox.ds 1 0 2023-02-13 10:45:53.706
!MESSAGE Could not bind a reference of component identity.oauth2.component. The reference is: Reference[name = oauth.client.authenticator, interface = org.wso2.carbon.identity.oauth2.client.authentication.OAuthClientAuthenticator, policy = dynamic, cardinality = 0..n, target = null, bind = setOAuthClientAuthenticator, unbind = unsetOAuthClientAuthenticator]

!ENTRY org.eclipse.equinox.ds 1 0 2023-02-13 10:45:53.706
!MESSAGE Could not bind a reference of component identity.oauth2.component. The reference is: Reference[name = scope.validator.service, interface = org.wso2.carbon.identity.oauth2.validators.scope.ScopeValidator, policy = dynamic, cardinality = 0..n, target = null, bind = addScopeValidatorService, unbind = removeScopeValidatorService]

!ENTRY org.eclipse.equinox.ds 1 0 2023-02-13 10:45:53.706
!MESSAGE Could not bind a reference of component identity.oauth2.component. The reference is: Reference[name = token.binding.service, interface = org.wso2.carbon.identity.oauth.common.token.bindings.TokenBinderInfo, policy = dynamic, cardinality = 0..n, target = null, bind = setTokenBinderInfo, unbind = unsetTokenBinderInfo]

!ENTRY org.eclipse.equinox.ds 1 0 2023-02-13 10:45:53.859
!MESSAGE Could not bind a reference of component org.wso2.apimgt.impl.services. The reference is: Reference[name = gateway.artifact.saver, interface = org.wso2.carbon.apimgt.impl.gatewayartifactsynchronizer.ArtifactSaver, policy = dynamic, cardinality = 0..1, target = null, bind = addArtifactSaver, unbind = removeArtifactSaver]

!ENTRY org.eclipse.equinox.ds 1 0 2023-02-13 10:45:53.859
!MESSAGE Could not bind a reference of component org.wso2.apimgt.impl.services. The reference is: Reference[name = jwt.transformer.service, interface = org.wso2.carbon.apimgt.common.gateway.jwttransformer.JWTTransformer, policy = dynamic, cardinality = 0..n, target = null, bind = addJWTTransformer, unbind = removeJWTTransformer]

!ENTRY org.eclipse.equinox.ds 1 0 2023-02-13 10:45:53.860
!MESSAGE Could not bind a reference of component org.wso2.apimgt.impl.services. The reference is: Reference[name = listener.manager.service, interface = org.apache.axis2.engine.ListenerManager, policy = dynamic, cardinality = 0..1, target = null, bind = setListenerManager, unbind = unsetListenerManager]

!ENTRY org.eclipse.equinox.ds 1 0 2023-02-13 10:45:53.860
!MESSAGE Could not bind a reference of component org.wso2.apimgt.impl.services. The reference is: Reference[name = notifier.component, interface = org.wso2.carbon.apimgt.impl.notifier.Notifier, policy = dynamic, cardinality = 0..n, target = null, bind = addNotifier, unbind = removeNotifiers]

!ENTRY org.eclipse.equinox.ds 1 0 2023-02-13 10:45:54.242
!MESSAGE Could not bind a reference of component apim.notification.component. The reference is: Reference[name = event.handlers, interface = org.wso2.carbon.apimgt.impl.handlers.EventHandler, policy = dynamic, cardinality = 0..n, target = null, bind = addEventHandlers, unbind = removeEventHandlers]

!ENTRY org.eclipse.equinox.ds 1 0 2023-02-13 10:45:54.242
!MESSAGE Could not bind a reference of component apim.notification.component. The reference is: Reference[name = keymgt.event.handlers, interface = org.wso2.carbon.apimgt.impl.keymgt.KeyManagerEventHandler, policy = dynamic, cardinality = 0..n, target = null, bind = addKeyManagerEventHandlers, unbind = removeKeyManagerEventHandlers]

!ENTRY org.eclipse.equinox.ds 1 0 2023-02-13 10:45:54.256
!MESSAGE Could not bind a reference of component org.wso2.apimgt.rest.api.common. The reference is: Reference[name = rest.api.authentication.service, interface = org.wso2.carbon.apimgt.rest.api.common.RestAPIAuthenticator, policy = dynamic, cardinality = 0..n, target = null, bind = addRestAPIAuthenticationService, unbind = removeRestAPIAuthenticationService]

!ENTRY org.eclipse.equinox.ds 1 0 2023-02-13 10:45:54.435
!MESSAGE Could not bind a reference of component identity.oauth.component. The reference is: Reference[name = oauth.application.mgt.listener, interface = org.wso2.carbon.identity.oauth.listener.OAuthApplicationMgtListener, policy = dynamic, cardinality = 0..n, target = null, bind = setOAuthApplicationMgtListener, unbind = unsetOAuthApplicationMgtListener]

!ENTRY org.eclipse.equinox.ds 1 0 2023-02-13 10:45:54.435
!MESSAGE Could not bind a reference of component identity.oauth.component. The reference is: Reference[name = org.wso2.carbon.identity.oauth.event.OAuthEventInterceptor, interface = org.wso2.carbon.identity.oauth.event.OAuthEventInterceptor, policy = dynamic, cardinality = 0..n, target = null, bind = setOAuthEventInterceptorProxy, unbind = unsetOAuthEventInterceptor]

!ENTRY org.eclipse.equinox.ds 1 0 2023-02-13 10:45:54.493
!MESSAGE Could not bind a reference of component identity.application.authentication.framework.component. The reference is: Reference[name = claim.filter.service, interface = org.wso2.carbon.identity.application.authentication.framework.handler.claims.ClaimFilter, policy = dynamic, cardinality = 0..n, target = null, bind = setClaimFilter, unbind = unsetClaimFilter]

!ENTRY org.eclipse.equinox.ds 1 0 2023-02-13 10:45:54.493
!MESSAGE Could not bind a reference of component identity.application.authentication.framework.component. The reference is: Reference[name = identity.authentication.data.publisher, interface = org.wso2.carbon.identity.application.authentication.framework.AuthenticationDataPublisher, policy = dynamic, cardinality = 0..n, target = null, bind = setAuthenticationDataPublisher, unbind = unsetAuthenticationDataPublisher]

!ENTRY org.eclipse.equinox.ds 1 0 2023-02-13 10:45:54.493
!MESSAGE Could not bind a reference of component identity.application.authentication.framework.component. The reference is: Reference[name = identity.post.authn.handler, interface = org.wso2.carbon.identity.application.authentication.framework.handler.request.PostAuthenticationHandler, policy = dynamic, cardinality = 0..n, target = null, bind = setPostAuthenticationHandler, unbind = unsetPostAuthenticationHandler]

!ENTRY org.eclipse.equinox.ds 1 0 2023-02-13 10:45:54.602
!MESSAGE Could not bind a reference of component identity.openidconnect.component. The reference is: Reference[name = identity.openidconnect.RequestObjectService, interface = org.wso2.carbon.identity.openidconnect.RequestObjectService, policy = dynamic, cardinality = 0..1, target = null, bind = setRequestObjectService, unbind = unsetRequestObjectService]

!ENTRY org.eclipse.equinox.ds 1 0 2023-02-13 10:45:54.602
!MESSAGE Could not bind a reference of component identity.openidconnect.component. The reference is: Reference[name = identity.openidconnect.handlers, interface = org.wso2.carbon.identity.openidconnect.handlers.RequestObjectHandler, policy = dynamic, cardinality = 0..1, target = null, bind = setRequestObjectRevokeHandler, unbind = unsetRequestObjectRevokeHandler]

!ENTRY org.eclipse.equinox.ds 1 0 2023-02-13 10:45:54.643
!MESSAGE Could not bind a reference of component identity.provider.sts.component. The reference is: Reference[name = identity.attribute.service, interface = org.wso2.carbon.identity.sts.common.identity.provider.IdentityAttributeService, policy = dynamic, cardinality = 0..n, target = null, bind = addAttributeService, unbind = removeAttributeService]

!ENTRY org.eclipse.equinox.ds 1 0 2023-02-13 10:45:54.677
!MESSAGE Could not bind a reference of component carbon.identity.template.mgt.component. The reference is: Reference[name = identity.template.handler, interface = org.wso2.carbon.identity.template.mgt.handler.ReadOnlyTemplateHandler, policy = dynamic, cardinality = 0..1, target = null, bind = setReadOnlyTemplateHandler, unbind = unsetReadOnlyTemplateHandler]

!ENTRY org.eclipse.equinox.ds 1 0 2023-02-13 10:45:54.699
!MESSAGE Could not bind a reference of component org.wso2.carbon.identity.user.store.configuration.component. The reference is: Reference[name = user.store.configuration, interface = org.wso2.carbon.identity.user.store.configuration.dao.AbstractUserStoreDAOFactory, policy = dynamic, cardinality = 0..n, target = null, bind = setUserStoreDAOFactory, unbind = unsetUserStoreDAOFactory]

!ENTRY org.eclipse.equinox.ds 1 0 2023-02-13 10:45:54.704
!MESSAGE Could not bind a reference of component identity.user.store.count.component. The reference is: Reference[name = user.store.count, interface = org.wso2.carbon.identity.user.store.count.AbstractCountRetrieverFactory, policy = dynamic, cardinality = 0..n, target = null, bind = setCountRetrieverFactory, unbind = unsetCountRetrieverFactory]

!ENTRY org.eclipse.equinox.ds 1 0 2023-02-13 10:45:54.709
!MESSAGE Could not bind a reference of component usermgt.component. The reference is: Reference[name = org.wso2.carbon.user.core.listener.UserManagementErrorEventListener, interface = org.wso2.carbon.user.core.listener.UserManagementErrorEventListener, policy = dynamic, cardinality = 0..n, target = null, bind = setUserManagementErrorEventListenerService, unbind = unsetUserManagementErrorEventListenerService]

!ENTRY org.eclipse.equinox.ds 1 0 2023-02-13 10:45:54.709
!MESSAGE Could not bind a reference of component usermgt.component. The reference is: Reference[name = org.wso2.carbon.user.mgt.recorder.UserDeletionEventRecorder, interface = org.wso2.carbon.user.mgt.recorder.UserDeletionEventRecorder, policy = dynamic, cardinality = 0..n, target = null, bind = setUserDeleteEventRecorder, unbind = unsetUserDeleteEventRecorder]

!ENTRY org.eclipse.equinox.ds 1 0 2023-02-13 10:45:55.234
!MESSAGE Could not bind a reference of component org.wso2.carbon.andes.internal.QpidServiceComponent. The reference is: Reference[name = hazelcast.instance.service, interface = com.hazelcast.core.HazelcastInstance, policy = dynamic, cardinality = 0..1, target = null, bind = setHazelcastInstance, unbind = unsetHazelcastInstance]

!ENTRY org.eclipse.equinox.ds 1 0 2023-02-13 10:46:00.492
!MESSAGE Could not bind a reference of component sts.application.management.component. The reference is: Reference[name = application.mgt.authenticator, interface = org.wso2.carbon.identity.application.mgt.AbstractInboundAuthenticatorConfig, policy = dynamic, cardinality = 0..n, target = null, bind = setInboundAuthenticatorConfig, unbind = unsetInboundAuthenticatorConfig]

!ENTRY org.eclipse.equinox.ds 1 0 2023-02-13 10:46:00.502
!MESSAGE Could not bind a reference of component org.wso2.carbon.tenant.mgt. The reference is: Reference[name = default.tenant.billing.service, interface = org.wso2.carbon.stratos.common.TenantBillingService, policy = dynamic, cardinality = 0..1, target = null, bind = setTenantBillingService, unbind = unsetTenantBillingService]

!ENTRY org.eclipse.equinox.ds 1 0 2023-02-13 10:46:00.730
!MESSAGE Could not bind a reference of component core.ui.dscomponent. The reference is: Reference[name = ui.authentication.extender, interface = org.wso2.carbon.ui.UIAuthenticationExtender, policy = dynamic, cardinality = 0..1, target = null, bind = setUIAuthenticationExtender, unbind = unsetUIAuthenticationExtender]
