2023-02-13T10:35:32,164 [-] [Component Resolve Thread] ERROR DataSourceServiceComponent Error in intializing system data sources: Error in initializing system data sources: Error in initializing system data sources at '/media/iqbal/nvme_data/wso2am_exam/wso2am-cp/repository/conf/datasources/master-datasources.xml' - [com.ctc.wstx.exc.WstxLazyException] Unexpected character '=' (code 61); expected a semi-colon after the reference for entity 'allowPublicKeyRetrieval'
 at [row,col {unknown-source}]: [39,104]
org.wso2.carbon.ndatasource.common.DataSourceException: Error in initializing system data sources: Error in initializing system data sources at '/media/iqbal/nvme_data/wso2am_exam/wso2am-cp/repository/conf/datasources/master-datasources.xml' - [com.ctc.wstx.exc.WstxLazyException] Unexpected character '=' (code 61); expected a semi-colon after the reference for entity 'allowPublicKeyRetrieval'
 at [row,col {unknown-source}]: [39,104]
	at org.wso2.carbon.ndatasource.core.DataSourceManager.initSystemDataSources(DataSourceManager.java:169) ~[org.wso2.carbon.ndatasource.core_4.6.2.jar:?]
	at org.wso2.carbon.ndatasource.core.internal.DataSourceServiceComponent.initSystemDataSources(DataSourceServiceComponent.java:206) [org.wso2.carbon.ndatasource.core_4.6.2.jar:?]
	at org.wso2.carbon.ndatasource.core.internal.DataSourceServiceComponent.setSecretCallbackHandlerService(DataSourceServiceComponent.java:192) [org.wso2.carbon.ndatasource.core_4.6.2.jar:?]
	at jdk.internal.reflect.DirectMethodHandleAccessor.invoke(DirectMethodHandleAccessor.java:104) ~[?:?]
	at java.lang.reflect.Method.invoke(Method.java:578) ~[?:?]
	at org.eclipse.equinox.internal.ds.model.ComponentReference.bind(ComponentReference.java:376) [org.eclipse.equinox.ds_1.4.400.v20160226-2036.jar:?]
	at org.eclipse.equinox.internal.ds.model.ServiceComponentProp.bindReference(ServiceComponentProp.java:430) [org.eclipse.equinox.ds_1.4.400.v20160226-2036.jar:?]
	at org.eclipse.equinox.internal.ds.model.ServiceComponentProp.bind(ServiceComponentProp.java:218) [org.eclipse.equinox.ds_1.4.400.v20160226-2036.jar:?]
	at org.eclipse.equinox.internal.ds.model.ServiceComponentProp.build(ServiceComponentProp.java:343) [org.eclipse.equinox.ds_1.4.400.v20160226-2036.jar:?]
	at org.eclipse.equinox.internal.ds.InstanceProcess.buildComponent(InstanceProcess.java:620) [org.eclipse.equinox.ds_1.4.400.v20160226-2036.jar:?]
	at org.eclipse.equinox.internal.ds.InstanceProcess.buildComponents(InstanceProcess.java:197) [org.eclipse.equinox.ds_1.4.400.v20160226-2036.jar:?]
	at org.eclipse.equinox.internal.ds.Resolver.getEligible(Resolver.java:343) [org.eclipse.equinox.ds_1.4.400.v20160226-2036.jar:?]
	at org.eclipse.equinox.internal.ds.SCRManager.serviceChanged(SCRManager.java:222) [org.eclipse.equinox.ds_1.4.400.v20160226-2036.jar:?]
	at org.eclipse.osgi.internal.serviceregistry.FilteredServiceListener.serviceChanged(FilteredServiceListener.java:113) [org.eclipse.osgi_3.14.0.v20190517-1309.jar:?]
	at org.eclipse.osgi.internal.framework.BundleContextImpl.dispatchEvent(BundleContextImpl.java:985) [org.eclipse.osgi_3.14.0.v20190517-1309.jar:?]
	at org.eclipse.osgi.framework.eventmgr.EventManager.dispatchEvent(EventManager.java:234) [org.eclipse.osgi_3.14.0.v20190517-1309.jar:?]
	at org.eclipse.osgi.framework.eventmgr.ListenerQueue.dispatchEventSynchronous(ListenerQueue.java:151) [org.eclipse.osgi_3.14.0.v20190517-1309.jar:?]
	at org.eclipse.osgi.internal.serviceregistry.ServiceRegistry.publishServiceEventPrivileged(ServiceRegistry.java:866) [org.eclipse.osgi_3.14.0.v20190517-1309.jar:?]
	at org.eclipse.osgi.internal.serviceregistry.ServiceRegistry.publishServiceEvent(ServiceRegistry.java:804) [org.eclipse.osgi_3.14.0.v20190517-1309.jar:?]
	at org.eclipse.osgi.internal.serviceregistry.ServiceRegistrationImpl.register(ServiceRegistrationImpl.java:130) [org.eclipse.osgi_3.14.0.v20190517-1309.jar:?]
	at org.eclipse.osgi.internal.serviceregistry.ServiceRegistry.registerService(ServiceRegistry.java:228) [org.eclipse.osgi_3.14.0.v20190517-1309.jar:?]
	at org.eclipse.osgi.internal.framework.BundleContextImpl.registerService(BundleContextImpl.java:525) [org.eclipse.osgi_3.14.0.v20190517-1309.jar:?]
	at org.eclipse.osgi.internal.framework.BundleContextImpl.registerService(BundleContextImpl.java:544) [org.eclipse.osgi_3.14.0.v20190517-1309.jar:?]
	at org.wso2.carbon.securevault.internal.SecretManagerInitializerComponent.activate(SecretManagerInitializerComponent.java:49) [org.wso2.carbon.securevault_4.6.2.jar:?]
	at jdk.internal.reflect.DirectMethodHandleAccessor.invoke(DirectMethodHandleAccessor.java:104) ~[?:?]
	at java.lang.reflect.Method.invoke(Method.java:578) ~[?:?]
	at org.eclipse.equinox.internal.ds.model.ServiceComponent.activate(ServiceComponent.java:260) [org.eclipse.equinox.ds_1.4.400.v20160226-2036.jar:?]
	at org.eclipse.equinox.internal.ds.model.ServiceComponentProp.activate(ServiceComponentProp.java:146) [org.eclipse.equinox.ds_1.4.400.v20160226-2036.jar:?]
	at org.eclipse.equinox.internal.ds.model.ServiceComponentProp.build(ServiceComponentProp.java:345) [org.eclipse.equinox.ds_1.4.400.v20160226-2036.jar:?]
	at org.eclipse.equinox.internal.ds.InstanceProcess.buildComponent(InstanceProcess.java:620) [org.eclipse.equinox.ds_1.4.400.v20160226-2036.jar:?]
	at org.eclipse.equinox.internal.ds.InstanceProcess.buildComponents(InstanceProcess.java:197) [org.eclipse.equinox.ds_1.4.400.v20160226-2036.jar:?]
	at org.eclipse.equinox.internal.ds.Resolver.buildNewlySatisfied(Resolver.java:473) [org.eclipse.equinox.ds_1.4.400.v20160226-2036.jar:?]
	at org.eclipse.equinox.internal.ds.Resolver.enableComponents(Resolver.java:217) [org.eclipse.equinox.ds_1.4.400.v20160226-2036.jar:?]
	at org.eclipse.equinox.internal.ds.SCRManager.performWork(SCRManager.java:816) [org.eclipse.equinox.ds_1.4.400.v20160226-2036.jar:?]
	at org.eclipse.equinox.internal.ds.SCRManager$QueuedJob.dispatch(SCRManager.java:783) [org.eclipse.equinox.ds_1.4.400.v20160226-2036.jar:?]
	at org.eclipse.equinox.internal.ds.WorkThread.run(WorkThread.java:89) [org.eclipse.equinox.ds_1.4.400.v20160226-2036.jar:?]
	at java.lang.Thread.run(Thread.java:1589) [?:?]
Caused by: org.wso2.carbon.ndatasource.common.DataSourceException: Error in initializing system data sources at '/media/iqbal/nvme_data/wso2am_exam/wso2am-cp/repository/conf/datasources/master-datasources.xml' - [com.ctc.wstx.exc.WstxLazyException] Unexpected character '=' (code 61); expected a semi-colon after the reference for entity 'allowPublicKeyRetrieval'
 at [row,col {unknown-source}]: [39,104]
	at org.wso2.carbon.ndatasource.core.DataSourceManager.initSystemDataSource(DataSourceManager.java:190) ~[org.wso2.carbon.ndatasource.core_4.6.2.jar:?]
	at org.wso2.carbon.ndatasource.core.DataSourceManager.initSystemDataSources(DataSourceManager.java:157) ~[org.wso2.carbon.ndatasource.core_4.6.2.jar:?]
	... 36 more
Caused by: com.ctc.wstx.exc.WstxLazyException: [com.ctc.wstx.exc.WstxLazyException] Unexpected character '=' (code 61); expected a semi-colon after the reference for entity 'allowPublicKeyRetrieval'
 at [row,col {unknown-source}]: [39,104]
	at com.ctc.wstx.exc.WstxLazyException.throwLazily(WstxLazyException.java:45) ~[axiom_1.2.11.wso2v17.jar:?]
	at com.ctc.wstx.sr.StreamScanner.throwLazyError(StreamScanner.java:720) ~[axiom_1.2.11.wso2v17.jar:?]
	at com.ctc.wstx.sr.BasicStreamReader.safeFinishToken(BasicStreamReader.java:3677) ~[axiom_1.2.11.wso2v17.jar:?]
	at com.ctc.wstx.sr.BasicStreamReader.getText(BasicStreamReader.java:858) ~[axiom_1.2.11.wso2v17.jar:?]
	at org.apache.axiom.om.impl.builder.StAXBuilder.createOMText(StAXBuilder.java:289) ~[axiom_1.2.11.wso2v17.jar:?]
	at org.apache.axiom.om.impl.builder.StAXBuilder.createOMText(StAXBuilder.java:250) ~[axiom_1.2.11.wso2v17.jar:?]
	at org.apache.axiom.om.impl.builder.StAXOMBuilder.next(StAXOMBuilder.java:252) ~[axiom_1.2.11.wso2v17.jar:?]
	at org.apache.axiom.om.impl.llom.OMElementImpl.getNextOMSibling(OMElementImpl.java:336) ~[axiom_1.2.11.wso2v17.jar:?]
	at org.apache.axiom.om.impl.traverse.OMChildrenIterator.getNextNode(OMChildrenIterator.java:36) ~[axiom_1.2.11.wso2v17.jar:?]
	at org.apache.axiom.om.impl.traverse.OMAbstractIterator.hasNext(OMAbstractIterator.java:58) ~[axiom_1.2.11.wso2v17.jar:?]
	at org.apache.axiom.om.impl.traverse.OMFilterIterator.hasNext(OMFilterIterator.java:54) ~[axiom_1.2.11.wso2v17.jar:?]
	at org.wso2.securevault.SecretResolverFactory.create(SecretResolverFactory.java:160) ~[org.wso2.securevault_1.1.3.1.jar:?]
	at org.wso2.carbon.ndatasource.core.utils.DataSourceUtils.secureResolveOMElement(DataSourceUtils.java:317) ~[org.wso2.carbon.ndatasource.core_4.6.2.jar:?]
	at org.wso2.carbon.ndatasource.core.DataSourceManager.initSystemDataSource(DataSourceManager.java:178) ~[org.wso2.carbon.ndatasource.core_4.6.2.jar:?]
	at org.wso2.carbon.ndatasource.core.DataSourceManager.initSystemDataSources(DataSourceManager.java:157) ~[org.wso2.carbon.ndatasource.core_4.6.2.jar:?]
	... 36 more
Caused by: com.ctc.wstx.exc.WstxUnexpectedCharException: Unexpected character '=' (code 61); expected a semi-colon after the reference for entity 'allowPublicKeyRetrieval'
 at [row,col {unknown-source}]: [39,104]
	at com.ctc.wstx.sr.StreamScanner.throwUnexpectedChar(StreamScanner.java:639) ~[axiom_1.2.11.wso2v17.jar:?]
	at com.ctc.wstx.sr.StreamScanner.parseEntityName(StreamScanner.java:2059) ~[axiom_1.2.11.wso2v17.jar:?]
	at com.ctc.wstx.sr.StreamScanner.fullyResolveEntity(StreamScanner.java:1517) ~[axiom_1.2.11.wso2v17.jar:?]
	at com.ctc.wstx.sr.BasicStreamReader.readTextSecondary(BasicStreamReader.java:4701) ~[axiom_1.2.11.wso2v17.jar:?]
	at com.ctc.wstx.sr.BasicStreamReader.readCoalescedText(BasicStreamReader.java:4147) ~[axiom_1.2.11.wso2v17.jar:?]
	at com.ctc.wstx.sr.BasicStreamReader.finishToken(BasicStreamReader.java:3719) ~[axiom_1.2.11.wso2v17.jar:?]
	at com.ctc.wstx.sr.BasicStreamReader.safeFinishToken(BasicStreamReader.java:3675) ~[axiom_1.2.11.wso2v17.jar:?]
	at com.ctc.wstx.sr.BasicStreamReader.getText(BasicStreamReader.java:858) ~[axiom_1.2.11.wso2v17.jar:?]
	at org.apache.axiom.om.impl.builder.StAXBuilder.createOMText(StAXBuilder.java:289) ~[axiom_1.2.11.wso2v17.jar:?]
	at org.apache.axiom.om.impl.builder.StAXBuilder.createOMText(StAXBuilder.java:250) ~[axiom_1.2.11.wso2v17.jar:?]
	at org.apache.axiom.om.impl.builder.StAXOMBuilder.next(StAXOMBuilder.java:252) ~[axiom_1.2.11.wso2v17.jar:?]
	at org.apache.axiom.om.impl.llom.OMElementImpl.getNextOMSibling(OMElementImpl.java:336) ~[axiom_1.2.11.wso2v17.jar:?]
	at org.apache.axiom.om.impl.traverse.OMChildrenIterator.getNextNode(OMChildrenIterator.java:36) ~[axiom_1.2.11.wso2v17.jar:?]
	at org.apache.axiom.om.impl.traverse.OMAbstractIterator.hasNext(OMAbstractIterator.java:58) ~[axiom_1.2.11.wso2v17.jar:?]
	at org.apache.axiom.om.impl.traverse.OMFilterIterator.hasNext(OMFilterIterator.java:54) ~[axiom_1.2.11.wso2v17.jar:?]
	at org.wso2.securevault.SecretResolverFactory.create(SecretResolverFactory.java:160) ~[org.wso2.securevault_1.1.3.1.jar:?]
	at org.wso2.carbon.ndatasource.core.utils.DataSourceUtils.secureResolveOMElement(DataSourceUtils.java:317) ~[org.wso2.carbon.ndatasource.core_4.6.2.jar:?]
	at org.wso2.carbon.ndatasource.core.DataSourceManager.initSystemDataSource(DataSourceManager.java:178) ~[org.wso2.carbon.ndatasource.core_4.6.2.jar:?]
	at org.wso2.carbon.ndatasource.core.DataSourceManager.initSystemDataSources(DataSourceManager.java:157) ~[org.wso2.carbon.ndatasource.core_4.6.2.jar:?]
	... 36 more
2023-02-13T10:35:32,672 [-] [Start Level: Equinox Container: 94dc41b2-5cf0-488e-8331-79a1e9959abe] ERROR Activator Cannot start User Manager Core bundle
java.lang.RuntimeException: Error in looking up data source: Name [jdbc/SHARED_DB] is not bound in this Context. Unable to find [jdbc].
	at org.wso2.carbon.user.core.util.DatabaseUtil.lookupDataSource(DatabaseUtil.java:98) ~[org.wso2.carbon.user.core_4.6.2.310.jar:?]
	at org.wso2.carbon.user.core.util.DatabaseUtil.createRealmDataSource(DatabaseUtil.java:341) ~[org.wso2.carbon.user.core_4.6.2.310.jar:?]
	at org.wso2.carbon.user.core.util.DatabaseUtil.getRealmDataSource(DatabaseUtil.java:78) ~[org.wso2.carbon.user.core_4.6.2.310.jar:?]
	at org.wso2.carbon.user.core.common.DefaultRealmService.<init>(DefaultRealmService.java:90) ~[org.wso2.carbon.user.core_4.6.2.310.jar:?]
	at org.wso2.carbon.user.core.common.DefaultRealmService.<init>(DefaultRealmService.java:115) ~[org.wso2.carbon.user.core_4.6.2.310.jar:?]
	at org.wso2.carbon.user.core.internal.Activator.startDeploy(Activator.java:72) [org.wso2.carbon.user.core_4.6.2.310.jar:?]
	at org.wso2.carbon.user.core.internal.BundleCheckActivator.start(BundleCheckActivator.java:61) [org.wso2.carbon.user.core_4.6.2.310.jar:?]
	at org.eclipse.osgi.internal.framework.BundleContextImpl$3.run(BundleContextImpl.java:842) [org.eclipse.osgi_3.14.0.v20190517-1309.jar:?]
	at org.eclipse.osgi.internal.framework.BundleContextImpl$3.run(BundleContextImpl.java:1) [org.eclipse.osgi_3.14.0.v20190517-1309.jar:?]
	at java.security.AccessController.doPrivileged(AccessController.java:569) [?:?]
	at org.eclipse.osgi.internal.framework.BundleContextImpl.startActivator(BundleContextImpl.java:834) [org.eclipse.osgi_3.14.0.v20190517-1309.jar:?]
	at org.eclipse.osgi.internal.framework.BundleContextImpl.start(BundleContextImpl.java:791) [org.eclipse.osgi_3.14.0.v20190517-1309.jar:?]
	at org.eclipse.osgi.internal.framework.EquinoxBundle.startWorker0(EquinoxBundle.java:1013) [org.eclipse.osgi_3.14.0.v20190517-1309.jar:?]
	at org.eclipse.osgi.internal.framework.EquinoxBundle$EquinoxModule.startWorker(EquinoxBundle.java:365) [org.eclipse.osgi_3.14.0.v20190517-1309.jar:?]
	at org.eclipse.osgi.container.Module.doStart(Module.java:598) [org.eclipse.osgi_3.14.0.v20190517-1309.jar:?]
	at org.eclipse.osgi.container.Module.start(Module.java:462) [org.eclipse.osgi_3.14.0.v20190517-1309.jar:?]
	at org.eclipse.osgi.container.ModuleContainer$ContainerStartLevel$1.run(ModuleContainer.java:1820) [org.eclipse.osgi_3.14.0.v20190517-1309.jar:?]
	at org.eclipse.osgi.internal.framework.EquinoxContainerAdaptor$2$1.execute(EquinoxContainerAdaptor.java:150) [org.eclipse.osgi_3.14.0.v20190517-1309.jar:?]
	at org.eclipse.osgi.container.ModuleContainer$ContainerStartLevel.incStartLevel(ModuleContainer.java:1813) [org.eclipse.osgi_3.14.0.v20190517-1309.jar:?]
	at org.eclipse.osgi.container.ModuleContainer$ContainerStartLevel.incStartLevel(ModuleContainer.java:1770) [org.eclipse.osgi_3.14.0.v20190517-1309.jar:?]
	at org.eclipse.osgi.container.ModuleContainer$ContainerStartLevel.doContainerStartLevel(ModuleContainer.java:1735) [org.eclipse.osgi_3.14.0.v20190517-1309.jar:?]
	at org.eclipse.osgi.container.ModuleContainer$ContainerStartLevel.dispatchEvent(ModuleContainer.java:1661) [org.eclipse.osgi_3.14.0.v20190517-1309.jar:?]
	at org.eclipse.osgi.container.ModuleContainer$ContainerStartLevel.dispatchEvent(ModuleContainer.java:1) [org.eclipse.osgi_3.14.0.v20190517-1309.jar:?]
	at org.eclipse.osgi.framework.eventmgr.EventManager.dispatchEvent(EventManager.java:234) [org.eclipse.osgi_3.14.0.v20190517-1309.jar:?]
	at org.eclipse.osgi.framework.eventmgr.EventManager$EventThread.run(EventManager.java:345) [org.eclipse.osgi_3.14.0.v20190517-1309.jar:?]
Caused by: javax.naming.NameNotFoundException: Name [jdbc/SHARED_DB] is not bound in this Context. Unable to find [jdbc].
	at org.apache.naming.NamingContext.lookup(NamingContext.java:840) ~[tomcat_9.0.52.wso2v2.jar:?]
	at org.apache.naming.NamingContext.lookup(NamingContext.java:172) ~[tomcat_9.0.52.wso2v2.jar:?]
	at org.wso2.carbon.context.internal.CarbonContextDataHolder$CarbonInitialJNDIContext.lookup(CarbonContextDataHolder.java:709) ~[?:?]
	at javax.naming.InitialContext.lookup(InitialContext.java:409) ~[?:?]
	at javax.naming.InitialContext.doLookup(InitialContext.java:282) ~[?:?]
	at org.wso2.carbon.user.core.util.DatabaseUtil.lookupDataSource(DatabaseUtil.java:96) ~[org.wso2.carbon.user.core_4.6.2.310.jar:?]
	... 24 more
2023-02-13T10:36:41,252 [-] [Framework Event Dispatcher: Equinox Container: 3a40d7a5-76ca-442b-9fae-02bb8da4389c]  WARN ApplicationManagementServiceComponent Templates directory not found at /media/iqbal/nvme_data/wso2am_exam/wso2am-cp/repository/resources/identity/authntemplates
2023-02-13T10:37:40,666 [-] [Timer-6]  WARN AppDeployerServiceComponent Waiting for required OSGi services: org.wso2.carbon.application.deployer.synapse.service.SynapseAppDeployerService,org.wso2.carbon.mediation.initializer.services.SynapseEnvironmentService,
2023-02-13T10:37:40,700 [-] [Timer-7]  WARN StartupFinalizerServiceComponent Waiting for required OSGi services: org.wso2.carbon.application.deployer.service.CappDeploymentService,org.wso2.carbon.identity.application.authentication.framework.ApplicationAuthenticationService,org.wso2.carbon.server.admin.common.IServerAdmin,org.wso2.carbon.throttling.agent.ThrottlingAgent,
2023-02-13T10:38:17,964 [-] [Framework Event Dispatcher: Equinox Container: 3a40d7a5-76ca-442b-9fae-02bb8da4389c] ERROR [/oauth2] Servlet.init() for servlet [OAuth2Endpoints] threw exception
org.springframework.beans.factory.BeanCreationException: Error creating bean with name 'endpointUtilBean' defined in URL [file:/media/iqbal/nvme_data/wso2am_exam/wso2am-cp/repository/deployment/server/webapps/oauth2/WEB-INF/cxf-servlet.xml]: Cannot resolve reference to bean 'ssoConsentServiceFactoryBean' while setting bean property 'SSOConsentService'; nested exception is org.springframework.beans.factory.BeanCreationException: Error creating bean with name 'ssoConsentServiceFactoryBean' defined in URL [file:/media/iqbal/nvme_data/wso2am_exam/wso2am-cp/repository/deployment/server/webapps/oauth2/WEB-INF/cxf-servlet.xml]: Invocation of init method failed; nested exception is java.lang.NullPointerException: Cannot load from object array because the return value of "org.osgi.util.tracker.ServiceTracker.getServices()" is null
	at org.springframework.beans.factory.support.BeanDefinitionValueResolver.resolveReference(BeanDefinitionValueResolver.java:342) ~[spring-beans-5.3.18.jar:5.3.18]
	at org.springframework.beans.factory.support.BeanDefinitionValueResolver.resolveValueIfNecessary(BeanDefinitionValueResolver.java:113) ~[spring-beans-5.3.18.jar:5.3.18]
	at org.springframework.beans.factory.support.AbstractAutowireCapableBeanFactory.applyPropertyValues(AbstractAutowireCapableBeanFactory.java:1707) ~[spring-beans-5.3.18.jar:5.3.18]
	at org.springframework.beans.factory.support.AbstractAutowireCapableBeanFactory.populateBean(AbstractAutowireCapableBeanFactory.java:1452) ~[spring-beans-5.3.18.jar:5.3.18]
	at org.springframework.beans.factory.support.AbstractAutowireCapableBeanFactory.doCreateBean(AbstractAutowireCapableBeanFactory.java:619) ~[spring-beans-5.3.18.jar:5.3.18]
	at org.springframework.beans.factory.support.AbstractAutowireCapableBeanFactory.createBean(AbstractAutowireCapableBeanFactory.java:542) ~[spring-beans-5.3.18.jar:5.3.18]
	at org.springframework.beans.factory.support.AbstractBeanFactory.lambda$doGetBean$0(AbstractBeanFactory.java:335) ~[spring-beans-5.3.18.jar:5.3.18]
	at org.springframework.beans.factory.support.DefaultSingletonBeanRegistry.getSingleton(DefaultSingletonBeanRegistry.java:234) ~[spring-beans-5.3.18.jar:5.3.18]
	at org.springframework.beans.factory.support.AbstractBeanFactory.doGetBean(AbstractBeanFactory.java:333) ~[spring-beans-5.3.18.jar:5.3.18]
	at org.springframework.beans.factory.support.AbstractBeanFactory.getBean(AbstractBeanFactory.java:208) ~[spring-beans-5.3.18.jar:5.3.18]
	at org.springframework.beans.factory.support.DefaultListableBeanFactory.preInstantiateSingletons(DefaultListableBeanFactory.java:953) ~[spring-beans-5.3.18.jar:5.3.18]
	at org.springframework.context.support.AbstractApplicationContext.finishBeanFactoryInitialization(AbstractApplicationContext.java:918) ~[spring-context-5.3.18.jar:5.3.18]
	at org.springframework.context.support.AbstractApplicationContext.refresh(AbstractApplicationContext.java:583) ~[spring-context-5.3.18.jar:5.3.18]
	at org.apache.cxf.transport.servlet.CXFServlet.createSpringContext(CXFServlet.java:174) ~[cxf-rt-transports-http-3.5.0.jar:3.5.0]
	at org.apache.cxf.transport.servlet.CXFServlet.loadBus(CXFServlet.java:76) ~[cxf-rt-transports-http-3.5.0.jar:3.5.0]
	at org.apache.cxf.transport.servlet.CXFNonSpringServlet.init(CXFNonSpringServlet.java:92) ~[cxf-rt-transports-http-3.5.0.jar:3.5.0]
	at org.apache.catalina.core.StandardWrapper.initServlet(StandardWrapper.java:1164) [tomcat_9.0.52.wso2v2.jar:?]
	at org.apache.catalina.core.StandardWrapper.loadServlet(StandardWrapper.java:1117) [tomcat_9.0.52.wso2v2.jar:?]
	at org.apache.catalina.core.StandardWrapper.load(StandardWrapper.java:1010) [tomcat_9.0.52.wso2v2.jar:?]
	at org.apache.catalina.core.StandardContext.loadOnStartup(StandardContext.java:4958) [tomcat_9.0.52.wso2v2.jar:?]
	at org.apache.catalina.core.StandardContext.startInternal(StandardContext.java:5265) [tomcat_9.0.52.wso2v2.jar:?]
	at org.apache.catalina.util.LifecycleBase.start(LifecycleBase.java:183) [tomcat_9.0.52.wso2v2.jar:?]
	at org.apache.catalina.core.ContainerBase.addChildInternal(ContainerBase.java:726) [tomcat_9.0.52.wso2v2.jar:?]
	at org.apache.catalina.core.ContainerBase.addChild(ContainerBase.java:698) [tomcat_9.0.52.wso2v2.jar:?]
	at org.apache.catalina.core.StandardHost.addChild(StandardHost.java:696) [tomcat_9.0.52.wso2v2.jar:?]
	at org.wso2.carbon.tomcat.internal.CarbonTomcat.addWebApp(CarbonTomcat.java:303) [org.wso2.carbon.tomcat_4.6.2.jar:?]
	at org.wso2.carbon.tomcat.internal.CarbonTomcat.addWebApp(CarbonTomcat.java:209) [org.wso2.carbon.tomcat_4.6.2.jar:?]
	at org.wso2.carbon.webapp.mgt.TomcatGenericWebappsDeployer.handleWebappDeployment(TomcatGenericWebappsDeployer.java:255) [org.wso2.carbon.webapp.mgt_4.11.1.jar:?]
	at org.wso2.carbon.webapp.mgt.TomcatGenericWebappsDeployer.handleWarWebappDeployment(TomcatGenericWebappsDeployer.java:206) [org.wso2.carbon.webapp.mgt_4.11.1.jar:?]
	at org.wso2.carbon.webapp.mgt.TomcatGenericWebappsDeployer.handleHotDeployment(TomcatGenericWebappsDeployer.java:175) [org.wso2.carbon.webapp.mgt_4.11.1.jar:?]
	at org.wso2.carbon.webapp.mgt.TomcatGenericWebappsDeployer.deploy(TomcatGenericWebappsDeployer.java:140) [org.wso2.carbon.webapp.mgt_4.11.1.jar:?]
	at org.wso2.carbon.webapp.mgt.AbstractWebappDeployer.deployThisWebApp(AbstractWebappDeployer.java:224) [org.wso2.carbon.webapp.mgt_4.11.1.jar:?]
	at org.wso2.carbon.webapp.mgt.AbstractWebappDeployer.deploy(AbstractWebappDeployer.java:114) [org.wso2.carbon.webapp.mgt_4.11.1.jar:?]
	at org.wso2.carbon.webapp.deployer.WebappDeployer.deploy(WebappDeployer.java:42) [org.wso2.carbon.webapp.deployer_4.11.1.jar:?]
	at org.apache.axis2.deployment.repository.util.DeploymentFileData.deploy(DeploymentFileData.java:136) [axis2_1.6.1.wso2v63_3.jar:?]
	at org.apache.axis2.deployment.DeploymentEngine.doDeploy(DeploymentEngine.java:807) [axis2_1.6.1.wso2v63_3.jar:?]
	at org.apache.axis2.deployment.repository.util.WSInfoList.update(WSInfoList.java:153) [axis2_1.6.1.wso2v63_3.jar:?]
	at org.apache.axis2.deployment.RepositoryListener.update(RepositoryListener.java:377) [axis2_1.6.1.wso2v63_3.jar:?]
	at org.apache.axis2.deployment.RepositoryListener.checkServices(RepositoryListener.java:254) [axis2_1.6.1.wso2v63_3.jar:?]
	at org.apache.synapse.Axis2SynapseController.deployMediatorExtensions(Axis2SynapseController.java:785) [synapse-core_2.1.7.wso2v227_40.jar:2.1.7-wso2v227.40]
	at org.apache.synapse.Axis2SynapseController.createSynapseEnvironment(Axis2SynapseController.java:403) [synapse-core_2.1.7.wso2v227_40.jar:2.1.7-wso2v227.40]
	at org.apache.synapse.ServerManager.start(ServerManager.java:187) [synapse-core_2.1.7.wso2v227_40.jar:2.1.7-wso2v227.40]
	at org.wso2.carbon.mediation.initializer.ServiceBusInitializer.initESB(ServiceBusInitializer.java:371) [org.wso2.carbon.mediation.initializer_4.7.99.jar:?]
	at org.wso2.carbon.mediation.initializer.ServiceBusInitializer.activate(ServiceBusInitializer.java:170) [org.wso2.carbon.mediation.initializer_4.7.99.jar:?]
	at jdk.internal.reflect.DirectMethodHandleAccessor.invoke(DirectMethodHandleAccessor.java:104) ~[?:?]
	at java.lang.reflect.Method.invoke(Method.java:578) ~[?:?]
	at org.eclipse.equinox.internal.ds.model.ServiceComponent.activate(ServiceComponent.java:260) [org.eclipse.equinox.ds_1.4.400.v20160226-2036.jar:?]
	at org.eclipse.equinox.internal.ds.model.ServiceComponentProp.activate(ServiceComponentProp.java:146) [org.eclipse.equinox.ds_1.4.400.v20160226-2036.jar:?]
	at org.eclipse.equinox.internal.ds.model.ServiceComponentProp.build(ServiceComponentProp.java:345) [org.eclipse.equinox.ds_1.4.400.v20160226-2036.jar:?]
	at org.eclipse.equinox.internal.ds.InstanceProcess.buildComponent(InstanceProcess.java:620) [org.eclipse.equinox.ds_1.4.400.v20160226-2036.jar:?]
	at org.eclipse.equinox.internal.ds.InstanceProcess.buildComponents(InstanceProcess.java:197) [org.eclipse.equinox.ds_1.4.400.v20160226-2036.jar:?]
	at org.eclipse.equinox.internal.ds.Resolver.getEligible(Resolver.java:343) [org.eclipse.equinox.ds_1.4.400.v20160226-2036.jar:?]
	at org.eclipse.equinox.internal.ds.SCRManager.serviceChanged(SCRManager.java:222) [org.eclipse.equinox.ds_1.4.400.v20160226-2036.jar:?]
	at org.eclipse.osgi.internal.serviceregistry.FilteredServiceListener.serviceChanged(FilteredServiceListener.java:113) [org.eclipse.osgi_3.14.0.v20190517-1309.jar:?]
	at org.eclipse.osgi.internal.framework.BundleContextImpl.dispatchEvent(BundleContextImpl.java:985) [org.eclipse.osgi_3.14.0.v20190517-1309.jar:?]
	at org.eclipse.osgi.framework.eventmgr.EventManager.dispatchEvent(EventManager.java:234) [org.eclipse.osgi_3.14.0.v20190517-1309.jar:?]
	at org.eclipse.osgi.framework.eventmgr.ListenerQueue.dispatchEventSynchronous(ListenerQueue.java:151) [org.eclipse.osgi_3.14.0.v20190517-1309.jar:?]
	at org.eclipse.osgi.internal.serviceregistry.ServiceRegistry.publishServiceEventPrivileged(ServiceRegistry.java:866) [org.eclipse.osgi_3.14.0.v20190517-1309.jar:?]
	at org.eclipse.osgi.internal.serviceregistry.ServiceRegistry.publishServiceEvent(ServiceRegistry.java:804) [org.eclipse.osgi_3.14.0.v20190517-1309.jar:?]
	at org.eclipse.osgi.internal.serviceregistry.ServiceRegistrationImpl.register(ServiceRegistrationImpl.java:130) [org.eclipse.osgi_3.14.0.v20190517-1309.jar:?]
	at org.eclipse.osgi.internal.serviceregistry.ServiceRegistry.registerService(ServiceRegistry.java:228) [org.eclipse.osgi_3.14.0.v20190517-1309.jar:?]
	at org.eclipse.osgi.internal.framework.BundleContextImpl.registerService(BundleContextImpl.java:525) [org.eclipse.osgi_3.14.0.v20190517-1309.jar:?]
	at org.eclipse.osgi.internal.framework.BundleContextImpl.registerService(BundleContextImpl.java:544) [org.eclipse.osgi_3.14.0.v20190517-1309.jar:?]
	at org.wso2.carbon.inbound.endpoint.persistence.service.InboundEndpointPersistenceServiceDSComponent.activate(InboundEndpointPersistenceServiceDSComponent.java:50) [org.wso2.carbon.inbound.endpoint.persistence_4.7.99.jar:?]
	at jdk.internal.reflect.DirectMethodHandleAccessor.invoke(DirectMethodHandleAccessor.java:104) ~[?:?]
	at java.lang.reflect.Method.invoke(Method.java:578) ~[?:?]
	at org.eclipse.equinox.internal.ds.model.ServiceComponent.activate(ServiceComponent.java:260) [org.eclipse.equinox.ds_1.4.400.v20160226-2036.jar:?]
	at org.eclipse.equinox.internal.ds.model.ServiceComponentProp.activate(ServiceComponentProp.java:146) [org.eclipse.equinox.ds_1.4.400.v20160226-2036.jar:?]
	at org.eclipse.equinox.internal.ds.model.ServiceComponentProp.build(ServiceComponentProp.java:345) [org.eclipse.equinox.ds_1.4.400.v20160226-2036.jar:?]
	at org.eclipse.equinox.internal.ds.InstanceProcess.buildComponent(InstanceProcess.java:620) [org.eclipse.equinox.ds_1.4.400.v20160226-2036.jar:?]
	at org.eclipse.equinox.internal.ds.InstanceProcess.buildComponents(InstanceProcess.java:197) [org.eclipse.equinox.ds_1.4.400.v20160226-2036.jar:?]
	at org.eclipse.equinox.internal.ds.Resolver.getEligible(Resolver.java:343) [org.eclipse.equinox.ds_1.4.400.v20160226-2036.jar:?]
	at org.eclipse.equinox.internal.ds.SCRManager.serviceChanged(SCRManager.java:222) [org.eclipse.equinox.ds_1.4.400.v20160226-2036.jar:?]
	at org.eclipse.osgi.internal.serviceregistry.FilteredServiceListener.serviceChanged(FilteredServiceListener.java:113) [org.eclipse.osgi_3.14.0.v20190517-1309.jar:?]
	at org.eclipse.osgi.internal.framework.BundleContextImpl.dispatchEvent(BundleContextImpl.java:985) [org.eclipse.osgi_3.14.0.v20190517-1309.jar:?]
	at org.eclipse.osgi.framework.eventmgr.EventManager.dispatchEvent(EventManager.java:234) [org.eclipse.osgi_3.14.0.v20190517-1309.jar:?]
	at org.eclipse.osgi.framework.eventmgr.ListenerQueue.dispatchEventSynchronous(ListenerQueue.java:151) [org.eclipse.osgi_3.14.0.v20190517-1309.jar:?]
	at org.eclipse.osgi.internal.serviceregistry.ServiceRegistry.publishServiceEventPrivileged(ServiceRegistry.java:866) [org.eclipse.osgi_3.14.0.v20190517-1309.jar:?]
	at org.eclipse.osgi.internal.serviceregistry.ServiceRegistry.publishServiceEvent(ServiceRegistry.java:804) [org.eclipse.osgi_3.14.0.v20190517-1309.jar:?]
	at org.eclipse.osgi.internal.serviceregistry.ServiceRegistrationImpl.register(ServiceRegistrationImpl.java:130) [org.eclipse.osgi_3.14.0.v20190517-1309.jar:?]
	at org.eclipse.osgi.internal.serviceregistry.ServiceRegistry.registerService(ServiceRegistry.java:228) [org.eclipse.osgi_3.14.0.v20190517-1309.jar:?]
	at org.eclipse.osgi.internal.framework.BundleContextImpl.registerService(BundleContextImpl.java:525) [org.eclipse.osgi_3.14.0.v20190517-1309.jar:?]
	at org.eclipse.osgi.internal.framework.BundleContextImpl.registerService(BundleContextImpl.java:544) [org.eclipse.osgi_3.14.0.v20190517-1309.jar:?]
	at org.wso2.carbon.core.init.CarbonServerManager.initializeCarbon(CarbonServerManager.java:529) [org.wso2.carbon.core_4.6.2.275.jar:?]
	at org.wso2.carbon.core.init.CarbonServerManager.removePendingItem(CarbonServerManager.java:305) [org.wso2.carbon.core_4.6.2.275.jar:?]
	at org.wso2.carbon.core.init.PreAxis2ConfigItemListener.bundleChanged(PreAxis2ConfigItemListener.java:118) [org.wso2.carbon.core_4.6.2.275.jar:?]
	at org.eclipse.osgi.internal.framework.BundleContextImpl.dispatchEvent(BundleContextImpl.java:973) [org.eclipse.osgi_3.14.0.v20190517-1309.jar:?]
	at org.eclipse.osgi.framework.eventmgr.EventManager.dispatchEvent(EventManager.java:234) [org.eclipse.osgi_3.14.0.v20190517-1309.jar:?]
	at org.eclipse.osgi.framework.eventmgr.EventManager$EventThread.run(EventManager.java:345) [org.eclipse.osgi_3.14.0.v20190517-1309.jar:?]
Caused by: org.springframework.beans.factory.BeanCreationException: Error creating bean with name 'ssoConsentServiceFactoryBean' defined in URL [file:/media/iqbal/nvme_data/wso2am_exam/wso2am-cp/repository/deployment/server/webapps/oauth2/WEB-INF/cxf-servlet.xml]: Invocation of init method failed; nested exception is java.lang.NullPointerException: Cannot load from object array because the return value of "org.osgi.util.tracker.ServiceTracker.getServices()" is null
	at org.springframework.beans.factory.support.AbstractAutowireCapableBeanFactory.initializeBean(AbstractAutowireCapableBeanFactory.java:1804) ~[spring-beans-5.3.18.jar:5.3.18]
	at org.springframework.beans.factory.support.AbstractAutowireCapableBeanFactory.doCreateBean(AbstractAutowireCapableBeanFactory.java:620) ~[spring-beans-5.3.18.jar:5.3.18]
	at org.springframework.beans.factory.support.AbstractAutowireCapableBeanFactory.createBean(AbstractAutowireCapableBeanFactory.java:542) ~[spring-beans-5.3.18.jar:5.3.18]
	at org.springframework.beans.factory.support.AbstractBeanFactory.lambda$doGetBean$0(AbstractBeanFactory.java:335) ~[spring-beans-5.3.18.jar:5.3.18]
	at org.springframework.beans.factory.support.DefaultSingletonBeanRegistry.getSingleton(DefaultSingletonBeanRegistry.java:234) ~[spring-beans-5.3.18.jar:5.3.18]
	at org.springframework.beans.factory.support.AbstractBeanFactory.doGetBean(AbstractBeanFactory.java:333) ~[spring-beans-5.3.18.jar:5.3.18]
	at org.springframework.beans.factory.support.AbstractBeanFactory.getBean(AbstractBeanFactory.java:208) ~[spring-beans-5.3.18.jar:5.3.18]
	at org.springframework.beans.factory.support.BeanDefinitionValueResolver.resolveReference(BeanDefinitionValueResolver.java:330) ~[spring-beans-5.3.18.jar:5.3.18]
	... 88 more
Caused by: java.lang.NullPointerException: Cannot load from object array because the return value of "org.osgi.util.tracker.ServiceTracker.getServices()" is null
	at org.wso2.carbon.context.PrivilegedCarbonContext.getOSGiService(PrivilegedCarbonContext.java:369) ~[org.wso2.carbon.utils_4.6.2.310.jar:?]
	at org.wso2.carbon.identity.oauth.endpoint.factory.SSOConsentServiceFactory.createInstance(SSOConsentServiceFactory.java:46) ~[classes/:?]
	at org.wso2.carbon.identity.oauth.endpoint.factory.SSOConsentServiceFactory.createInstance(SSOConsentServiceFactory.java:29) ~[classes/:?]
	at org.springframework.beans.factory.config.AbstractFactoryBean.afterPropertiesSet(AbstractFactoryBean.java:142) ~[spring-beans-5.3.18.jar:5.3.18]
	at org.springframework.beans.factory.support.AbstractAutowireCapableBeanFactory.invokeInitMethods(AbstractAutowireCapableBeanFactory.java:1863) ~[spring-beans-5.3.18.jar:5.3.18]
	at org.springframework.beans.factory.support.AbstractAutowireCapableBeanFactory.initializeBean(AbstractAutowireCapableBeanFactory.java:1800) ~[spring-beans-5.3.18.jar:5.3.18]
	at org.springframework.beans.factory.support.AbstractAutowireCapableBeanFactory.doCreateBean(AbstractAutowireCapableBeanFactory.java:620) ~[spring-beans-5.3.18.jar:5.3.18]
	at org.springframework.beans.factory.support.AbstractAutowireCapableBeanFactory.createBean(AbstractAutowireCapableBeanFactory.java:542) ~[spring-beans-5.3.18.jar:5.3.18]
	at org.springframework.beans.factory.support.AbstractBeanFactory.lambda$doGetBean$0(AbstractBeanFactory.java:335) ~[spring-beans-5.3.18.jar:5.3.18]
	at org.springframework.beans.factory.support.DefaultSingletonBeanRegistry.getSingleton(DefaultSingletonBeanRegistry.java:234) ~[spring-beans-5.3.18.jar:5.3.18]
	at org.springframework.beans.factory.support.AbstractBeanFactory.doGetBean(AbstractBeanFactory.java:333) ~[spring-beans-5.3.18.jar:5.3.18]
	at org.springframework.beans.factory.support.AbstractBeanFactory.getBean(AbstractBeanFactory.java:208) ~[spring-beans-5.3.18.jar:5.3.18]
	at org.springframework.beans.factory.support.BeanDefinitionValueResolver.resolveReference(BeanDefinitionValueResolver.java:330) ~[spring-beans-5.3.18.jar:5.3.18]
	... 88 more
2023-02-13T10:38:17,968 [-] [Framework Event Dispatcher: Equinox Container: 3a40d7a5-76ca-442b-9fae-02bb8da4389c] ERROR [/oauth2] Servlet [OAuth2Endpoints] in web application [/oauth2] threw load() exception
java.lang.NullPointerException: Cannot load from object array because the return value of "org.osgi.util.tracker.ServiceTracker.getServices()" is null
	at org.wso2.carbon.context.PrivilegedCarbonContext.getOSGiService(PrivilegedCarbonContext.java:369) ~[org.wso2.carbon.utils_4.6.2.310.jar:?]
	at org.wso2.carbon.identity.oauth.endpoint.factory.SSOConsentServiceFactory.createInstance(SSOConsentServiceFactory.java:46) ~[classes/:?]
	at org.wso2.carbon.identity.oauth.endpoint.factory.SSOConsentServiceFactory.createInstance(SSOConsentServiceFactory.java:29) ~[classes/:?]
	at org.springframework.beans.factory.config.AbstractFactoryBean.afterPropertiesSet(AbstractFactoryBean.java:142) ~[spring-beans-5.3.18.jar:5.3.18]
	at org.springframework.beans.factory.support.AbstractAutowireCapableBeanFactory.invokeInitMethods(AbstractAutowireCapableBeanFactory.java:1863) ~[spring-beans-5.3.18.jar:5.3.18]
	at org.springframework.beans.factory.support.AbstractAutowireCapableBeanFactory.initializeBean(AbstractAutowireCapableBeanFactory.java:1800) ~[spring-beans-5.3.18.jar:5.3.18]
	at org.springframework.beans.factory.support.AbstractAutowireCapableBeanFactory.doCreateBean(AbstractAutowireCapableBeanFactory.java:620) ~[spring-beans-5.3.18.jar:5.3.18]
	at org.springframework.beans.factory.support.AbstractAutowireCapableBeanFactory.createBean(AbstractAutowireCapableBeanFactory.java:542) ~[spring-beans-5.3.18.jar:5.3.18]
	at org.springframework.beans.factory.support.AbstractBeanFactory.lambda$doGetBean$0(AbstractBeanFactory.java:335) ~[spring-beans-5.3.18.jar:5.3.18]
	at org.springframework.beans.factory.support.DefaultSingletonBeanRegistry.getSingleton(DefaultSingletonBeanRegistry.java:234) ~[spring-beans-5.3.18.jar:5.3.18]
	at org.springframework.beans.factory.support.AbstractBeanFactory.doGetBean(AbstractBeanFactory.java:333) ~[spring-beans-5.3.18.jar:5.3.18]
	at org.springframework.beans.factory.support.AbstractBeanFactory.getBean(AbstractBeanFactory.java:208) ~[spring-beans-5.3.18.jar:5.3.18]
	at org.springframework.beans.factory.support.BeanDefinitionValueResolver.resolveReference(BeanDefinitionValueResolver.java:330) ~[spring-beans-5.3.18.jar:5.3.18]
	at org.springframework.beans.factory.support.BeanDefinitionValueResolver.resolveValueIfNecessary(BeanDefinitionValueResolver.java:113) ~[spring-beans-5.3.18.jar:5.3.18]
	at org.springframework.beans.factory.support.AbstractAutowireCapableBeanFactory.applyPropertyValues(AbstractAutowireCapableBeanFactory.java:1707) ~[spring-beans-5.3.18.jar:5.3.18]
	at org.springframework.beans.factory.support.AbstractAutowireCapableBeanFactory.populateBean(AbstractAutowireCapableBeanFactory.java:1452) ~[spring-beans-5.3.18.jar:5.3.18]
	at org.springframework.beans.factory.support.AbstractAutowireCapableBeanFactory.doCreateBean(AbstractAutowireCapableBeanFactory.java:619) ~[spring-beans-5.3.18.jar:5.3.18]
	at org.springframework.beans.factory.support.AbstractAutowireCapableBeanFactory.createBean(AbstractAutowireCapableBeanFactory.java:542) ~[spring-beans-5.3.18.jar:5.3.18]
	at org.springframework.beans.factory.support.AbstractBeanFactory.lambda$doGetBean$0(AbstractBeanFactory.java:335) ~[spring-beans-5.3.18.jar:5.3.18]
	at org.springframework.beans.factory.support.DefaultSingletonBeanRegistry.getSingleton(DefaultSingletonBeanRegistry.java:234) ~[spring-beans-5.3.18.jar:5.3.18]
	at org.springframework.beans.factory.support.AbstractBeanFactory.doGetBean(AbstractBeanFactory.java:333) ~[spring-beans-5.3.18.jar:5.3.18]
	at org.springframework.beans.factory.support.AbstractBeanFactory.getBean(AbstractBeanFactory.java:208) ~[spring-beans-5.3.18.jar:5.3.18]
	at org.springframework.beans.factory.support.DefaultListableBeanFactory.preInstantiateSingletons(DefaultListableBeanFactory.java:953) ~[spring-beans-5.3.18.jar:5.3.18]
	at org.springframework.context.support.AbstractApplicationContext.finishBeanFactoryInitialization(AbstractApplicationContext.java:918) ~[spring-context-5.3.18.jar:5.3.18]
	at org.springframework.context.support.AbstractApplicationContext.refresh(AbstractApplicationContext.java:583) ~[spring-context-5.3.18.jar:5.3.18]
	at org.apache.cxf.transport.servlet.CXFServlet.createSpringContext(CXFServlet.java:174) ~[cxf-rt-transports-http-3.5.0.jar:3.5.0]
	at org.apache.cxf.transport.servlet.CXFServlet.loadBus(CXFServlet.java:76) ~[cxf-rt-transports-http-3.5.0.jar:3.5.0]
	at org.apache.cxf.transport.servlet.CXFNonSpringServlet.init(CXFNonSpringServlet.java:92) ~[cxf-rt-transports-http-3.5.0.jar:3.5.0]
	at org.apache.catalina.core.StandardWrapper.initServlet(StandardWrapper.java:1164) ~[tomcat_9.0.52.wso2v2.jar:?]
	at org.apache.catalina.core.StandardWrapper.loadServlet(StandardWrapper.java:1117) ~[tomcat_9.0.52.wso2v2.jar:?]
	at org.apache.catalina.core.StandardWrapper.load(StandardWrapper.java:1010) ~[tomcat_9.0.52.wso2v2.jar:?]
	at org.apache.catalina.core.StandardContext.loadOnStartup(StandardContext.java:4958) [tomcat_9.0.52.wso2v2.jar:?]
	at org.apache.catalina.core.StandardContext.startInternal(StandardContext.java:5265) [tomcat_9.0.52.wso2v2.jar:?]
	at org.apache.catalina.util.LifecycleBase.start(LifecycleBase.java:183) [tomcat_9.0.52.wso2v2.jar:?]
	at org.apache.catalina.core.ContainerBase.addChildInternal(ContainerBase.java:726) [tomcat_9.0.52.wso2v2.jar:?]
	at org.apache.catalina.core.ContainerBase.addChild(ContainerBase.java:698) [tomcat_9.0.52.wso2v2.jar:?]
	at org.apache.catalina.core.StandardHost.addChild(StandardHost.java:696) [tomcat_9.0.52.wso2v2.jar:?]
	at org.wso2.carbon.tomcat.internal.CarbonTomcat.addWebApp(CarbonTomcat.java:303) [org.wso2.carbon.tomcat_4.6.2.jar:?]
	at org.wso2.carbon.tomcat.internal.CarbonTomcat.addWebApp(CarbonTomcat.java:209) [org.wso2.carbon.tomcat_4.6.2.jar:?]
	at org.wso2.carbon.webapp.mgt.TomcatGenericWebappsDeployer.handleWebappDeployment(TomcatGenericWebappsDeployer.java:255) [org.wso2.carbon.webapp.mgt_4.11.1.jar:?]
	at org.wso2.carbon.webapp.mgt.TomcatGenericWebappsDeployer.handleWarWebappDeployment(TomcatGenericWebappsDeployer.java:206) [org.wso2.carbon.webapp.mgt_4.11.1.jar:?]
	at org.wso2.carbon.webapp.mgt.TomcatGenericWebappsDeployer.handleHotDeployment(TomcatGenericWebappsDeployer.java:175) [org.wso2.carbon.webapp.mgt_4.11.1.jar:?]
	at org.wso2.carbon.webapp.mgt.TomcatGenericWebappsDeployer.deploy(TomcatGenericWebappsDeployer.java:140) [org.wso2.carbon.webapp.mgt_4.11.1.jar:?]
	at org.wso2.carbon.webapp.mgt.AbstractWebappDeployer.deployThisWebApp(AbstractWebappDeployer.java:224) [org.wso2.carbon.webapp.mgt_4.11.1.jar:?]
	at org.wso2.carbon.webapp.mgt.AbstractWebappDeployer.deploy(AbstractWebappDeployer.java:114) [org.wso2.carbon.webapp.mgt_4.11.1.jar:?]
	at org.wso2.carbon.webapp.deployer.WebappDeployer.deploy(WebappDeployer.java:42) [org.wso2.carbon.webapp.deployer_4.11.1.jar:?]
	at org.apache.axis2.deployment.repository.util.DeploymentFileData.deploy(DeploymentFileData.java:136) [axis2_1.6.1.wso2v63_3.jar:?]
	at org.apache.axis2.deployment.DeploymentEngine.doDeploy(DeploymentEngine.java:807) [axis2_1.6.1.wso2v63_3.jar:?]
	at org.apache.axis2.deployment.repository.util.WSInfoList.update(WSInfoList.java:153) [axis2_1.6.1.wso2v63_3.jar:?]
	at org.apache.axis2.deployment.RepositoryListener.update(RepositoryListener.java:377) [axis2_1.6.1.wso2v63_3.jar:?]
	at org.apache.axis2.deployment.RepositoryListener.checkServices(RepositoryListener.java:254) [axis2_1.6.1.wso2v63_3.jar:?]
	at org.apache.synapse.Axis2SynapseController.deployMediatorExtensions(Axis2SynapseController.java:785) [synapse-core_2.1.7.wso2v227_40.jar:2.1.7-wso2v227.40]
	at org.apache.synapse.Axis2SynapseController.createSynapseEnvironment(Axis2SynapseController.java:403) [synapse-core_2.1.7.wso2v227_40.jar:2.1.7-wso2v227.40]
	at org.apache.synapse.ServerManager.start(ServerManager.java:187) [synapse-core_2.1.7.wso2v227_40.jar:2.1.7-wso2v227.40]
	at org.wso2.carbon.mediation.initializer.ServiceBusInitializer.initESB(ServiceBusInitializer.java:371) [org.wso2.carbon.mediation.initializer_4.7.99.jar:?]
	at org.wso2.carbon.mediation.initializer.ServiceBusInitializer.activate(ServiceBusInitializer.java:170) [org.wso2.carbon.mediation.initializer_4.7.99.jar:?]
	at jdk.internal.reflect.DirectMethodHandleAccessor.invoke(DirectMethodHandleAccessor.java:104) ~[?:?]
	at java.lang.reflect.Method.invoke(Method.java:578) ~[?:?]
	at org.eclipse.equinox.internal.ds.model.ServiceComponent.activate(ServiceComponent.java:260) [org.eclipse.equinox.ds_1.4.400.v20160226-2036.jar:?]
	at org.eclipse.equinox.internal.ds.model.ServiceComponentProp.activate(ServiceComponentProp.java:146) [org.eclipse.equinox.ds_1.4.400.v20160226-2036.jar:?]
	at org.eclipse.equinox.internal.ds.model.ServiceComponentProp.build(ServiceComponentProp.java:345) [org.eclipse.equinox.ds_1.4.400.v20160226-2036.jar:?]
	at org.eclipse.equinox.internal.ds.InstanceProcess.buildComponent(InstanceProcess.java:620) [org.eclipse.equinox.ds_1.4.400.v20160226-2036.jar:?]
	at org.eclipse.equinox.internal.ds.InstanceProcess.buildComponents(InstanceProcess.java:197) [org.eclipse.equinox.ds_1.4.400.v20160226-2036.jar:?]
	at org.eclipse.equinox.internal.ds.Resolver.getEligible(Resolver.java:343) [org.eclipse.equinox.ds_1.4.400.v20160226-2036.jar:?]
	at org.eclipse.equinox.internal.ds.SCRManager.serviceChanged(SCRManager.java:222) [org.eclipse.equinox.ds_1.4.400.v20160226-2036.jar:?]
	at org.eclipse.osgi.internal.serviceregistry.FilteredServiceListener.serviceChanged(FilteredServiceListener.java:113) [org.eclipse.osgi_3.14.0.v20190517-1309.jar:?]
	at org.eclipse.osgi.internal.framework.BundleContextImpl.dispatchEvent(BundleContextImpl.java:985) [org.eclipse.osgi_3.14.0.v20190517-1309.jar:?]
	at org.eclipse.osgi.framework.eventmgr.EventManager.dispatchEvent(EventManager.java:234) [org.eclipse.osgi_3.14.0.v20190517-1309.jar:?]
	at org.eclipse.osgi.framework.eventmgr.ListenerQueue.dispatchEventSynchronous(ListenerQueue.java:151) [org.eclipse.osgi_3.14.0.v20190517-1309.jar:?]
	at org.eclipse.osgi.internal.serviceregistry.ServiceRegistry.publishServiceEventPrivileged(ServiceRegistry.java:866) [org.eclipse.osgi_3.14.0.v20190517-1309.jar:?]
	at org.eclipse.osgi.internal.serviceregistry.ServiceRegistry.publishServiceEvent(ServiceRegistry.java:804) [org.eclipse.osgi_3.14.0.v20190517-1309.jar:?]
	at org.eclipse.osgi.internal.serviceregistry.ServiceRegistrationImpl.register(ServiceRegistrationImpl.java:130) [org.eclipse.osgi_3.14.0.v20190517-1309.jar:?]
	at org.eclipse.osgi.internal.serviceregistry.ServiceRegistry.registerService(ServiceRegistry.java:228) [org.eclipse.osgi_3.14.0.v20190517-1309.jar:?]
	at org.eclipse.osgi.internal.framework.BundleContextImpl.registerService(BundleContextImpl.java:525) [org.eclipse.osgi_3.14.0.v20190517-1309.jar:?]
	at org.eclipse.osgi.internal.framework.BundleContextImpl.registerService(BundleContextImpl.java:544) [org.eclipse.osgi_3.14.0.v20190517-1309.jar:?]
	at org.wso2.carbon.inbound.endpoint.persistence.service.InboundEndpointPersistenceServiceDSComponent.activate(InboundEndpointPersistenceServiceDSComponent.java:50) [org.wso2.carbon.inbound.endpoint.persistence_4.7.99.jar:?]
	at jdk.internal.reflect.DirectMethodHandleAccessor.invoke(DirectMethodHandleAccessor.java:104) ~[?:?]
	at java.lang.reflect.Method.invoke(Method.java:578) ~[?:?]
	at org.eclipse.equinox.internal.ds.model.ServiceComponent.activate(ServiceComponent.java:260) [org.eclipse.equinox.ds_1.4.400.v20160226-2036.jar:?]
	at org.eclipse.equinox.internal.ds.model.ServiceComponentProp.activate(ServiceComponentProp.java:146) [org.eclipse.equinox.ds_1.4.400.v20160226-2036.jar:?]
	at org.eclipse.equinox.internal.ds.model.ServiceComponentProp.build(ServiceComponentProp.java:345) [org.eclipse.equinox.ds_1.4.400.v20160226-2036.jar:?]
	at org.eclipse.equinox.internal.ds.InstanceProcess.buildComponent(InstanceProcess.java:620) [org.eclipse.equinox.ds_1.4.400.v20160226-2036.jar:?]
	at org.eclipse.equinox.internal.ds.InstanceProcess.buildComponents(InstanceProcess.java:197) [org.eclipse.equinox.ds_1.4.400.v20160226-2036.jar:?]
	at org.eclipse.equinox.internal.ds.Resolver.getEligible(Resolver.java:343) [org.eclipse.equinox.ds_1.4.400.v20160226-2036.jar:?]
	at org.eclipse.equinox.internal.ds.SCRManager.serviceChanged(SCRManager.java:222) [org.eclipse.equinox.ds_1.4.400.v20160226-2036.jar:?]
	at org.eclipse.osgi.internal.serviceregistry.FilteredServiceListener.serviceChanged(FilteredServiceListener.java:113) [org.eclipse.osgi_3.14.0.v20190517-1309.jar:?]
	at org.eclipse.osgi.internal.framework.BundleContextImpl.dispatchEvent(BundleContextImpl.java:985) [org.eclipse.osgi_3.14.0.v20190517-1309.jar:?]
	at org.eclipse.osgi.framework.eventmgr.EventManager.dispatchEvent(EventManager.java:234) [org.eclipse.osgi_3.14.0.v20190517-1309.jar:?]
	at org.eclipse.osgi.framework.eventmgr.ListenerQueue.dispatchEventSynchronous(ListenerQueue.java:151) [org.eclipse.osgi_3.14.0.v20190517-1309.jar:?]
	at org.eclipse.osgi.internal.serviceregistry.ServiceRegistry.publishServiceEventPrivileged(ServiceRegistry.java:866) [org.eclipse.osgi_3.14.0.v20190517-1309.jar:?]
	at org.eclipse.osgi.internal.serviceregistry.ServiceRegistry.publishServiceEvent(ServiceRegistry.java:804) [org.eclipse.osgi_3.14.0.v20190517-1309.jar:?]
	at org.eclipse.osgi.internal.serviceregistry.ServiceRegistrationImpl.register(ServiceRegistrationImpl.java:130) [org.eclipse.osgi_3.14.0.v20190517-1309.jar:?]
	at org.eclipse.osgi.internal.serviceregistry.ServiceRegistry.registerService(ServiceRegistry.java:228) [org.eclipse.osgi_3.14.0.v20190517-1309.jar:?]
	at org.eclipse.osgi.internal.framework.BundleContextImpl.registerService(BundleContextImpl.java:525) [org.eclipse.osgi_3.14.0.v20190517-1309.jar:?]
	at org.eclipse.osgi.internal.framework.BundleContextImpl.registerService(BundleContextImpl.java:544) [org.eclipse.osgi_3.14.0.v20190517-1309.jar:?]
	at org.wso2.carbon.core.init.CarbonServerManager.initializeCarbon(CarbonServerManager.java:529) [org.wso2.carbon.core_4.6.2.275.jar:?]
	at org.wso2.carbon.core.init.CarbonServerManager.removePendingItem(CarbonServerManager.java:305) [org.wso2.carbon.core_4.6.2.275.jar:?]
	at org.wso2.carbon.core.init.PreAxis2ConfigItemListener.bundleChanged(PreAxis2ConfigItemListener.java:118) [org.wso2.carbon.core_4.6.2.275.jar:?]
	at org.eclipse.osgi.internal.framework.BundleContextImpl.dispatchEvent(BundleContextImpl.java:973) [org.eclipse.osgi_3.14.0.v20190517-1309.jar:?]
	at org.eclipse.osgi.framework.eventmgr.EventManager.dispatchEvent(EventManager.java:234) [org.eclipse.osgi_3.14.0.v20190517-1309.jar:?]
	at org.eclipse.osgi.framework.eventmgr.EventManager$EventThread.run(EventManager.java:345) [org.eclipse.osgi_3.14.0.v20190517-1309.jar:?]
2023-02-13T10:38:40,700 [-] [Timer-7]  WARN StartupFinalizerServiceComponent Waiting for required OSGi services: org.wso2.carbon.identity.application.authentication.framework.ApplicationAuthenticationService,
2023-02-13T10:38:59,190 [-] [Framework stop] ERROR core [SCR] Error while attempting to deactivate instance of component Component[
	name = org.wso2.carbon.core.internal.StartupFinalizerServiceComponent
	factory = null
	autoenable = true
	immediate = true
	implementation = org.wso2.carbon.core.internal.StartupFinalizerServiceComponent
	state = Unsatisfied
	properties = 
	serviceFactory = false
	serviceInterface = [org.osgi.framework.ServiceListener]
	references = {
		Reference[name = org.wso2.carbon.configCtx, interface = org.wso2.carbon.utils.ConfigurationContextService, policy = dynamic, cardinality = 1..1, target = null, bind = setConfigurationContext, unbind = unsetConfigurationContext]
		Reference[name = registry.service, interface = org.wso2.carbon.registry.core.service.RegistryService, policy = dynamic, cardinality = 1..1, target = null, bind = setRegistryService, unbind = unsetRegistryService]
		Reference[name = user.realmservice.default, interface = org.wso2.carbon.user.core.service.RealmService, policy = dynamic, cardinality = 1..1, target = null, bind = setRealmService, unbind = unsetRealmService]
	}
	located in bundle = org.wso2.carbon.core_4.6.2.275 [312]
]
java.lang.reflect.InvocationTargetException: null
	at jdk.internal.reflect.DirectMethodHandleAccessor.invoke(DirectMethodHandleAccessor.java:116) ~[?:?]
	at java.lang.reflect.Method.invoke(Method.java:578) ~[?:?]
	at org.eclipse.equinox.internal.ds.model.ServiceComponent.deactivate(ServiceComponent.java:387) [org.eclipse.equinox.ds_1.4.400.v20160226-2036.jar:?]
	at org.eclipse.equinox.internal.ds.model.ServiceComponentProp.deactivate(ServiceComponentProp.java:161) [org.eclipse.equinox.ds_1.4.400.v20160226-2036.jar:?]
	at org.eclipse.equinox.internal.ds.model.ServiceComponentProp.dispose(ServiceComponentProp.java:387) [org.eclipse.equinox.ds_1.4.400.v20160226-2036.jar:?]
	at org.eclipse.equinox.internal.ds.model.ServiceComponentProp.dispose(ServiceComponentProp.java:102) [org.eclipse.equinox.ds_1.4.400.v20160226-2036.jar:?]
	at org.eclipse.equinox.internal.ds.InstanceProcess.disposeInstances(InstanceProcess.java:366) [org.eclipse.equinox.ds_1.4.400.v20160226-2036.jar:?]
	at org.eclipse.equinox.internal.ds.InstanceProcess.disposeInstances(InstanceProcess.java:306) [org.eclipse.equinox.ds_1.4.400.v20160226-2036.jar:?]
	at org.eclipse.equinox.internal.ds.Resolver.getEligible(Resolver.java:368) [org.eclipse.equinox.ds_1.4.400.v20160226-2036.jar:?]
	at org.eclipse.equinox.internal.ds.SCRManager.serviceChanged(SCRManager.java:222) [org.eclipse.equinox.ds_1.4.400.v20160226-2036.jar:?]
	at org.eclipse.osgi.internal.serviceregistry.FilteredServiceListener.serviceChanged(FilteredServiceListener.java:113) [org.eclipse.osgi_3.14.0.v20190517-1309.jar:?]
	at org.eclipse.osgi.internal.framework.BundleContextImpl.dispatchEvent(BundleContextImpl.java:985) [org.eclipse.osgi_3.14.0.v20190517-1309.jar:?]
	at org.eclipse.osgi.framework.eventmgr.EventManager.dispatchEvent(EventManager.java:234) [org.eclipse.osgi_3.14.0.v20190517-1309.jar:?]
	at org.eclipse.osgi.framework.eventmgr.ListenerQueue.dispatchEventSynchronous(ListenerQueue.java:151) [org.eclipse.osgi_3.14.0.v20190517-1309.jar:?]
	at org.eclipse.osgi.internal.serviceregistry.ServiceRegistry.publishServiceEventPrivileged(ServiceRegistry.java:866) [org.eclipse.osgi_3.14.0.v20190517-1309.jar:?]
	at org.eclipse.osgi.internal.serviceregistry.ServiceRegistry.publishServiceEvent(ServiceRegistry.java:804) [org.eclipse.osgi_3.14.0.v20190517-1309.jar:?]
	at org.eclipse.osgi.internal.serviceregistry.ServiceRegistrationImpl.unregister(ServiceRegistrationImpl.java:227) [org.eclipse.osgi_3.14.0.v20190517-1309.jar:?]
	at org.eclipse.osgi.internal.serviceregistry.ServiceRegistry.unregisterServices(ServiceRegistry.java:668) [org.eclipse.osgi_3.14.0.v20190517-1309.jar:?]
	at org.eclipse.osgi.internal.framework.BundleContextImpl.close(BundleContextImpl.java:133) [org.eclipse.osgi_3.14.0.v20190517-1309.jar:?]
	at org.eclipse.osgi.internal.framework.EquinoxBundle.stopWorker0(EquinoxBundle.java:1029) [org.eclipse.osgi_3.14.0.v20190517-1309.jar:?]
	at org.eclipse.osgi.internal.framework.EquinoxBundle$EquinoxModule.stopWorker(EquinoxBundle.java:370) [org.eclipse.osgi_3.14.0.v20190517-1309.jar:?]
	at org.eclipse.osgi.container.Module.doStop(Module.java:653) [org.eclipse.osgi_3.14.0.v20190517-1309.jar:?]
	at org.eclipse.osgi.container.Module.stop(Module.java:515) [org.eclipse.osgi_3.14.0.v20190517-1309.jar:?]
	at org.eclipse.osgi.container.ModuleContainer$ContainerStartLevel.decStartLevel(ModuleContainer.java:1861) [org.eclipse.osgi_3.14.0.v20190517-1309.jar:?]
	at org.eclipse.osgi.container.ModuleContainer$ContainerStartLevel.doContainerStartLevel(ModuleContainer.java:1753) [org.eclipse.osgi_3.14.0.v20190517-1309.jar:?]
	at org.eclipse.osgi.container.SystemModule.stopWorker(SystemModule.java:275) [org.eclipse.osgi_3.14.0.v20190517-1309.jar:?]
	at org.eclipse.osgi.internal.framework.EquinoxBundle$SystemBundle$EquinoxSystemModule.stopWorker(EquinoxBundle.java:202) [org.eclipse.osgi_3.14.0.v20190517-1309.jar:?]
	at org.eclipse.osgi.container.Module.doStop(Module.java:653) [org.eclipse.osgi_3.14.0.v20190517-1309.jar:?]
	at org.eclipse.osgi.container.Module.stop(Module.java:515) [org.eclipse.osgi_3.14.0.v20190517-1309.jar:?]
	at org.eclipse.osgi.container.SystemModule.stop(SystemModule.java:207) [org.eclipse.osgi_3.14.0.v20190517-1309.jar:?]
	at org.eclipse.osgi.internal.framework.EquinoxBundle$SystemBundle$EquinoxSystemModule$1.run(EquinoxBundle.java:220) [org.eclipse.osgi_3.14.0.v20190517-1309.jar:?]
	at java.lang.Thread.run(Thread.java:1589) [?:?]
Caused by: java.lang.NullPointerException: Cannot invoke "org.osgi.framework.ServiceRegistration.unregister()" because "this.listerManagerServiceRegistration" is null
	at org.wso2.carbon.core.internal.StartupFinalizerServiceComponent.deactivate(StartupFinalizerServiceComponent.java:131) ~[?:?]
	at jdk.internal.reflect.DirectMethodHandleAccessor.invoke(DirectMethodHandleAccessor.java:104) ~[?:?]
	... 31 more
2023-02-13T10:40:06,416 [-] [Framework Event Dispatcher: Equinox Container: 623f066d-ccde-4d1e-8cc2-7ce2413e1582]  WARN ApplicationManagementServiceComponent Templates directory not found at /media/iqbal/nvme_data/wso2am_exam/wso2am-cp/repository/resources/identity/authntemplates
2023-02-13T10:41:06,055 [-] [Timer-6]  WARN AppDeployerServiceComponent Waiting for required OSGi services: org.wso2.carbon.application.deployer.synapse.service.SynapseAppDeployerService,org.wso2.carbon.mediation.initializer.services.SynapseEnvironmentService,
2023-02-13T10:41:06,071 [-] [Timer-7]  WARN StartupFinalizerServiceComponent Waiting for required OSGi services: org.wso2.carbon.application.deployer.service.CappDeploymentService,org.wso2.carbon.server.admin.common.IServerAdmin,org.wso2.carbon.throttling.agent.ThrottlingAgent,
2023-02-13T10:41:40,459 [-] [Framework Event Dispatcher: Equinox Container: 623f066d-ccde-4d1e-8cc2-7ce2413e1582]  WARN SSLUtilBase The trusted certificate with alias [thawtepremiumserverca] and DN [EMAILADDRESS=premium-server@thawte.com, CN=Thawte Premium Server CA, OU=Certification Services Division, O=Thawte Consulting cc, L=Cape Town, ST=Western Cape, C=ZA] is not valid due to [NotAfter: Sat Jan 02 06:59:59 WIB 2021]. Certificates signed by this trusted certificate WILL be accepted
2023-02-13T10:41:40,463 [-] [Framework Event Dispatcher: Equinox Container: 623f066d-ccde-4d1e-8cc2-7ce2413e1582]  WARN SSLUtilBase The trusted certificate with alias [identrustdstx3] and DN [CN=DST Root CA X3, O=Digital Signature Trust Co.] is not valid due to [NotAfter: Thu Sep 30 21:01:15 WIB 2021]. Certificates signed by this trusted certificate WILL be accepted
2023-02-13T10:41:40,463 [-] [Framework Event Dispatcher: Equinox Container: 623f066d-ccde-4d1e-8cc2-7ce2413e1582]  WARN SSLUtilBase The trusted certificate with alias [addtrustclass1ca] and DN [CN=AddTrust Class 1 CA Root, OU=AddTrust TTP Network, O=AddTrust AB, C=SE] is not valid due to [NotAfter: Sat May 30 17:38:31 WIB 2020]. Certificates signed by this trusted certificate WILL be accepted
2023-02-13T10:41:40,463 [-] [Framework Event Dispatcher: Equinox Container: 623f066d-ccde-4d1e-8cc2-7ce2413e1582]  WARN SSLUtilBase The trusted certificate with alias [wso2carbon] and DN [CN=localhost, OU=WSO2, O=WSO2, L=Mountain View, ST=CA, C=US] is not valid due to [NotAfter: Tue Jan 25 14:30:43 WIB 2022]. Certificates signed by this trusted certificate WILL be accepted
2023-02-13T10:41:40,464 [-] [Framework Event Dispatcher: Equinox Container: 623f066d-ccde-4d1e-8cc2-7ce2413e1582]  WARN SSLUtilBase The trusted certificate with alias [mzyxmmfkogywmwi0zwnmndcxngywymm4zta3mwi2ndazzgqzngm0zgrlnjjkodfkzdriotfkmwfhmzu2zgvlng_rs256] and DN [CN=localhost, OU=WSO2, O=WSO2, L=Mountain View, ST=CA, C=US] is not valid due to [NotAfter: Tue Jan 25 14:30:43 WIB 2022]. Certificates signed by this trusted certificate WILL be accepted
2023-02-13T10:41:40,464 [-] [Framework Event Dispatcher: Equinox Container: 623f066d-ccde-4d1e-8cc2-7ce2413e1582]  WARN SSLUtilBase The trusted certificate with alias [gateway_certificate_alias] and DN [CN=localhost, OU=WSO2, O=WSO2, L=Mountain View, ST=CA, C=US] is not valid due to [NotAfter: Tue Jan 25 14:30:43 WIB 2022]. Certificates signed by this trusted certificate WILL be accepted
2023-02-13T10:41:40,464 [-] [Framework Event Dispatcher: Equinox Container: 623f066d-ccde-4d1e-8cc2-7ce2413e1582]  WARN SSLUtilBase The trusted certificate with alias [globalsignr2ca] and DN [CN=GlobalSign, O=GlobalSign, OU=GlobalSign Root CA - R2] is not valid due to [NotAfter: Wed Dec 15 15:00:00 WIB 2021]. Certificates signed by this trusted certificate WILL be accepted
2023-02-13T10:41:40,465 [-] [Framework Event Dispatcher: Equinox Container: 623f066d-ccde-4d1e-8cc2-7ce2413e1582]  WARN SSLUtilBase The trusted certificate with alias [geotrustglobalca] and DN [CN=GeoTrust Global CA, O=GeoTrust Inc., C=US] is not valid due to [NotAfter: Sat May 21 11:00:00 WIB 2022]. Certificates signed by this trusted certificate WILL be accepted
2023-02-13T10:41:40,465 [-] [Framework Event Dispatcher: Equinox Container: 623f066d-ccde-4d1e-8cc2-7ce2413e1582]  WARN SSLUtilBase The trusted certificate with alias [soneraclass2ca] and DN [CN=Sonera Class2 CA, O=Sonera, C=FI] is not valid due to [NotAfter: Tue Apr 06 14:29:40 WIB 2021]. Certificates signed by this trusted certificate WILL be accepted
2023-02-13T10:41:40,465 [-] [Framework Event Dispatcher: Equinox Container: 623f066d-ccde-4d1e-8cc2-7ce2413e1582]  WARN SSLUtilBase The trusted certificate with alias [verisigntsaca] and DN [CN=Thawte Timestamping CA, OU=Thawte Certification, O=Thawte, L=Durbanville, ST=Western Cape, C=ZA] is not valid due to [NotAfter: Sat Jan 02 06:59:59 WIB 2021]. Certificates signed by this trusted certificate WILL be accepted
2023-02-13T10:41:40,466 [-] [Framework Event Dispatcher: Equinox Container: 623f066d-ccde-4d1e-8cc2-7ce2413e1582]  WARN SSLUtilBase The trusted certificate with alias [quovadisrootca] and DN [CN=QuoVadis Root Certification Authority, OU=Root Certification Authority, O=QuoVadis Limited, C=BM] is not valid due to [NotAfter: Thu Mar 18 01:33:33 WIB 2021]. Certificates signed by this trusted certificate WILL be accepted
2023-02-13T10:41:40,466 [-] [Framework Event Dispatcher: Equinox Container: 623f066d-ccde-4d1e-8cc2-7ce2413e1582]  WARN SSLUtilBase The trusted certificate with alias [addtrustqualifiedca] and DN [CN=AddTrust Qualified CA Root, OU=AddTrust TTP Network, O=AddTrust AB, C=SE] is not valid due to [NotAfter: Sat May 30 17:44:50 WIB 2020]. Certificates signed by this trusted certificate WILL be accepted
2023-02-13T10:41:40,466 [-] [Framework Event Dispatcher: Equinox Container: 623f066d-ccde-4d1e-8cc2-7ce2413e1582]  WARN SSLUtilBase The trusted certificate with alias [keynectisrootca] and DN [CN=KEYNECTIS ROOT CA, OU=ROOT, O=KEYNECTIS, C=FR] is not valid due to [NotAfter: Tue May 26 07:00:00 WIB 2020]. Certificates signed by this trusted certificate WILL be accepted
2023-02-13T10:41:40,467 [-] [Framework Event Dispatcher: Equinox Container: 623f066d-ccde-4d1e-8cc2-7ce2413e1582]  WARN SSLUtilBase The trusted certificate with alias [addtrustexternalca] and DN [CN=AddTrust External CA Root, OU=AddTrust External TTP Network, O=AddTrust AB, C=SE] is not valid due to [NotAfter: Sat May 30 17:48:38 WIB 2020]. Certificates signed by this trusted certificate WILL be accepted
2023-02-13T10:41:40,467 [-] [Framework Event Dispatcher: Equinox Container: 623f066d-ccde-4d1e-8cc2-7ce2413e1582]  WARN SSLUtilBase The trusted certificate with alias [luxtrustglobalrootca] and DN [CN=LuxTrust Global Root, O=LuxTrust s.a., C=LU] is not valid due to [NotAfter: Wed Mar 17 16:51:37 WIB 2021]. Certificates signed by this trusted certificate WILL be accepted
2023-02-13T10:47:55,134 [-] [MinaNetworkTransport(Acceptor)-2] ERROR MinaNetworkHandler Exception caught by Mina
java.lang.NullPointerException: null
	at org.wso2.carbon.andes.authorization.andes.AndesAuthorizationHandler.isAdmin(AndesAuthorizationHandler.java:821) ~[org.wso2.carbon.andes.authorization_3.3.15.jar:?]
	at org.wso2.carbon.andes.authorization.andes.AndesAuthorizationHandler.handleUnbindQueue(AndesAuthorizationHandler.java:626) ~[org.wso2.carbon.andes.authorization_3.3.15.jar:?]
	at org.wso2.carbon.andes.authorization.service.andes.AndesAuthorizationPlugin.authorise(AndesAuthorizationPlugin.java:165) ~[org.wso2.carbon.andes.authorization_3.3.15.jar:?]
	at org.wso2.andes.server.security.SecurityManager$14.allowed(SecurityManager.java:416) ~[andes_3.3.11.jar:?]
	at org.wso2.andes.server.security.SecurityManager.checkAllPlugins(SecurityManager.java:238) ~[andes_3.3.11.jar:?]
	at org.wso2.andes.server.security.SecurityManager.authoriseUnbind(SecurityManager.java:412) ~[andes_3.3.11.jar:?]
	at org.wso2.andes.server.binding.BindingFactory.removeBinding(BindingFactory.java:273) ~[andes_3.3.11.jar:?]
	at org.wso2.andes.server.binding.BindingFactory.removeBinding(BindingFactory.java:252) ~[andes_3.3.11.jar:?]
	at org.wso2.andes.server.queue.SimpleAMQQueue.delete(SimpleAMQQueue.java:1416) ~[andes_3.3.11.jar:?]
	at org.wso2.andes.server.queue.SimpleAMQQueue.unregisterSubscription(SimpleAMQQueue.java:515) ~[andes_3.3.11.jar:?]
	at org.wso2.andes.server.AMQChannel.unsubscribeAllConsumers(AMQChannel.java:804) ~[andes_3.3.11.jar:?]
	at org.wso2.andes.server.AMQChannel.close(AMQChannel.java:744) ~[andes_3.3.11.jar:?]
	at org.wso2.andes.server.protocol.AMQProtocolEngine.closeAllChannels(AMQProtocolEngine.java:728) ~[andes_3.3.11.jar:?]
	at org.wso2.andes.server.protocol.AMQProtocolEngine.closeSession(AMQProtocolEngine.java:755) ~[andes_3.3.11.jar:?]
	at org.wso2.andes.server.protocol.AMQProtocolEngine.closed(AMQProtocolEngine.java:1025) ~[andes_3.3.11.jar:?]
	at org.wso2.andes.server.protocol.MultiVersionProtocolEngine.closed(MultiVersionProtocolEngine.java:79) ~[andes_3.3.11.jar:?]
	at org.wso2.andes.transport.network.mina.MinaNetworkHandler.sessionClosed(MinaNetworkHandler.java:150) ~[andes_3.3.11.jar:?]
	at org.wso2.org.apache.mina.common.support.AbstractIoFilterChain$TailFilter.sessionClosed(AbstractIoFilterChain.java:548) ~[andes_3.3.11.jar:?]
	at org.wso2.org.apache.mina.common.support.AbstractIoFilterChain.callNextSessionClosed(AbstractIoFilterChain.java:267) [andes_3.3.11.jar:?]
	at org.wso2.org.apache.mina.common.support.AbstractIoFilterChain.access$800(AbstractIoFilterChain.java:51) [andes_3.3.11.jar:?]
	at org.wso2.org.apache.mina.common.support.AbstractIoFilterChain$EntryImpl$1.sessionClosed(AbstractIoFilterChain.java:631) [andes_3.3.11.jar:?]
	at org.wso2.org.apache.mina.common.IoFilterAdapter.sessionClosed(IoFilterAdapter.java:65) [andes_3.3.11.jar:?]
	at org.wso2.org.apache.mina.common.support.AbstractIoFilterChain.callNextSessionClosed(AbstractIoFilterChain.java:267) [andes_3.3.11.jar:?]
	at org.wso2.org.apache.mina.common.support.AbstractIoFilterChain.access$800(AbstractIoFilterChain.java:51) [andes_3.3.11.jar:?]
	at org.wso2.org.apache.mina.common.support.AbstractIoFilterChain$EntryImpl$1.sessionClosed(AbstractIoFilterChain.java:631) [andes_3.3.11.jar:?]
	at org.wso2.org.apache.mina.filter.executor.ExecutorFilter.processEvent(ExecutorFilter.java:230) [andes_3.3.11.jar:?]
	at org.wso2.org.apache.mina.filter.executor.ExecutorFilter$ProcessEventsRunnable.run(ExecutorFilter.java:264) [andes_3.3.11.jar:?]
	at java.util.concurrent.ThreadPoolExecutor.runWorker(ThreadPoolExecutor.java:1128) [?:?]
	at java.util.concurrent.ThreadPoolExecutor$Worker.run(ThreadPoolExecutor.java:628) [?:?]
	at org.wso2.org.apache.mina.util.NamePreservingRunnable.run(NamePreservingRunnable.java:51) [andes_3.3.11.jar:?]
	at java.lang.Thread.run(Thread.java:829) [?:?]
2023-02-13T10:47:55,135 [-] [MinaNetworkTransport(Acceptor)-1] ERROR MinaNetworkHandler Exception caught by Mina
java.lang.NullPointerException: null
	at org.wso2.carbon.andes.authorization.andes.AndesAuthorizationHandler.isAdmin(AndesAuthorizationHandler.java:821) ~[org.wso2.carbon.andes.authorization_3.3.15.jar:?]
	at org.wso2.carbon.andes.authorization.andes.AndesAuthorizationHandler.handleUnbindQueue(AndesAuthorizationHandler.java:626) ~[org.wso2.carbon.andes.authorization_3.3.15.jar:?]
	at org.wso2.carbon.andes.authorization.service.andes.AndesAuthorizationPlugin.authorise(AndesAuthorizationPlugin.java:165) ~[org.wso2.carbon.andes.authorization_3.3.15.jar:?]
	at org.wso2.andes.server.security.SecurityManager$14.allowed(SecurityManager.java:416) ~[andes_3.3.11.jar:?]
	at org.wso2.andes.server.security.SecurityManager.checkAllPlugins(SecurityManager.java:238) ~[andes_3.3.11.jar:?]
	at org.wso2.andes.server.security.SecurityManager.authoriseUnbind(SecurityManager.java:412) ~[andes_3.3.11.jar:?]
	at org.wso2.andes.server.binding.BindingFactory.removeBinding(BindingFactory.java:273) ~[andes_3.3.11.jar:?]
	at org.wso2.andes.server.binding.BindingFactory.removeBinding(BindingFactory.java:252) ~[andes_3.3.11.jar:?]
	at org.wso2.andes.server.queue.SimpleAMQQueue.delete(SimpleAMQQueue.java:1416) ~[andes_3.3.11.jar:?]
	at org.wso2.andes.server.queue.SimpleAMQQueue.unregisterSubscription(SimpleAMQQueue.java:515) ~[andes_3.3.11.jar:?]
	at org.wso2.andes.server.AMQChannel.unsubscribeAllConsumers(AMQChannel.java:804) ~[andes_3.3.11.jar:?]
	at org.wso2.andes.server.AMQChannel.close(AMQChannel.java:744) ~[andes_3.3.11.jar:?]
	at org.wso2.andes.server.protocol.AMQProtocolEngine.closeAllChannels(AMQProtocolEngine.java:728) ~[andes_3.3.11.jar:?]
	at org.wso2.andes.server.protocol.AMQProtocolEngine.closeSession(AMQProtocolEngine.java:755) ~[andes_3.3.11.jar:?]
	at org.wso2.andes.server.protocol.AMQProtocolEngine.closed(AMQProtocolEngine.java:1025) ~[andes_3.3.11.jar:?]
	at org.wso2.andes.server.protocol.MultiVersionProtocolEngine.closed(MultiVersionProtocolEngine.java:79) ~[andes_3.3.11.jar:?]
	at org.wso2.andes.transport.network.mina.MinaNetworkHandler.sessionClosed(MinaNetworkHandler.java:150) ~[andes_3.3.11.jar:?]
	at org.wso2.org.apache.mina.common.support.AbstractIoFilterChain$TailFilter.sessionClosed(AbstractIoFilterChain.java:548) ~[andes_3.3.11.jar:?]
	at org.wso2.org.apache.mina.common.support.AbstractIoFilterChain.callNextSessionClosed(AbstractIoFilterChain.java:267) [andes_3.3.11.jar:?]
	at org.wso2.org.apache.mina.common.support.AbstractIoFilterChain.access$800(AbstractIoFilterChain.java:51) [andes_3.3.11.jar:?]
	at org.wso2.org.apache.mina.common.support.AbstractIoFilterChain$EntryImpl$1.sessionClosed(AbstractIoFilterChain.java:631) [andes_3.3.11.jar:?]
	at org.wso2.org.apache.mina.common.IoFilterAdapter.sessionClosed(IoFilterAdapter.java:65) [andes_3.3.11.jar:?]
	at org.wso2.org.apache.mina.common.support.AbstractIoFilterChain.callNextSessionClosed(AbstractIoFilterChain.java:267) [andes_3.3.11.jar:?]
	at org.wso2.org.apache.mina.common.support.AbstractIoFilterChain.access$800(AbstractIoFilterChain.java:51) [andes_3.3.11.jar:?]
	at org.wso2.org.apache.mina.common.support.AbstractIoFilterChain$EntryImpl$1.sessionClosed(AbstractIoFilterChain.java:631) [andes_3.3.11.jar:?]
	at org.wso2.org.apache.mina.filter.executor.ExecutorFilter.processEvent(ExecutorFilter.java:230) [andes_3.3.11.jar:?]
	at org.wso2.org.apache.mina.filter.executor.ExecutorFilter$ProcessEventsRunnable.run(ExecutorFilter.java:264) [andes_3.3.11.jar:?]
	at java.util.concurrent.ThreadPoolExecutor.runWorker(ThreadPoolExecutor.java:1128) [?:?]
	at java.util.concurrent.ThreadPoolExecutor$Worker.run(ThreadPoolExecutor.java:628) [?:?]
	at org.wso2.org.apache.mina.util.NamePreservingRunnable.run(NamePreservingRunnable.java:51) [andes_3.3.11.jar:?]
	at java.lang.Thread.run(Thread.java:829) [?:?]
2023-02-13T10:47:55,134 [-] [MinaNetworkTransport(Acceptor)-15] ERROR MinaNetworkHandler Exception caught by Mina
java.lang.NullPointerException: null
	at org.wso2.carbon.andes.authorization.andes.AndesAuthorizationHandler.isAdmin(AndesAuthorizationHandler.java:821) ~[org.wso2.carbon.andes.authorization_3.3.15.jar:?]
	at org.wso2.carbon.andes.authorization.andes.AndesAuthorizationHandler.handleUnbindQueue(AndesAuthorizationHandler.java:626) ~[org.wso2.carbon.andes.authorization_3.3.15.jar:?]
	at org.wso2.carbon.andes.authorization.service.andes.AndesAuthorizationPlugin.authorise(AndesAuthorizationPlugin.java:165) ~[org.wso2.carbon.andes.authorization_3.3.15.jar:?]
	at org.wso2.andes.server.security.SecurityManager$14.allowed(SecurityManager.java:416) ~[andes_3.3.11.jar:?]
	at org.wso2.andes.server.security.SecurityManager.checkAllPlugins(SecurityManager.java:238) ~[andes_3.3.11.jar:?]
	at org.wso2.andes.server.security.SecurityManager.authoriseUnbind(SecurityManager.java:412) ~[andes_3.3.11.jar:?]
	at org.wso2.andes.server.binding.BindingFactory.removeBinding(BindingFactory.java:273) ~[andes_3.3.11.jar:?]
	at org.wso2.andes.server.binding.BindingFactory.removeBinding(BindingFactory.java:252) ~[andes_3.3.11.jar:?]
	at org.wso2.andes.server.queue.SimpleAMQQueue.delete(SimpleAMQQueue.java:1416) ~[andes_3.3.11.jar:?]
	at org.wso2.andes.server.queue.SimpleAMQQueue.unregisterSubscription(SimpleAMQQueue.java:515) ~[andes_3.3.11.jar:?]
	at org.wso2.andes.server.AMQChannel.unsubscribeAllConsumers(AMQChannel.java:804) ~[andes_3.3.11.jar:?]
	at org.wso2.andes.server.AMQChannel.close(AMQChannel.java:744) ~[andes_3.3.11.jar:?]
	at org.wso2.andes.server.protocol.AMQProtocolEngine.closeAllChannels(AMQProtocolEngine.java:728) ~[andes_3.3.11.jar:?]
	at org.wso2.andes.server.protocol.AMQProtocolEngine.closeSession(AMQProtocolEngine.java:755) ~[andes_3.3.11.jar:?]
	at org.wso2.andes.server.protocol.AMQProtocolEngine.closed(AMQProtocolEngine.java:1025) ~[andes_3.3.11.jar:?]
	at org.wso2.andes.server.protocol.MultiVersionProtocolEngine.closed(MultiVersionProtocolEngine.java:79) ~[andes_3.3.11.jar:?]
	at org.wso2.andes.transport.network.mina.MinaNetworkHandler.sessionClosed(MinaNetworkHandler.java:150) ~[andes_3.3.11.jar:?]
	at org.wso2.org.apache.mina.common.support.AbstractIoFilterChain$TailFilter.sessionClosed(AbstractIoFilterChain.java:548) ~[andes_3.3.11.jar:?]
	at org.wso2.org.apache.mina.common.support.AbstractIoFilterChain.callNextSessionClosed(AbstractIoFilterChain.java:267) [andes_3.3.11.jar:?]
	at org.wso2.org.apache.mina.common.support.AbstractIoFilterChain.access$800(AbstractIoFilterChain.java:51) [andes_3.3.11.jar:?]
	at org.wso2.org.apache.mina.common.support.AbstractIoFilterChain$EntryImpl$1.sessionClosed(AbstractIoFilterChain.java:631) [andes_3.3.11.jar:?]
	at org.wso2.org.apache.mina.common.IoFilterAdapter.sessionClosed(IoFilterAdapter.java:65) [andes_3.3.11.jar:?]
	at org.wso2.org.apache.mina.common.support.AbstractIoFilterChain.callNextSessionClosed(AbstractIoFilterChain.java:267) [andes_3.3.11.jar:?]
	at org.wso2.org.apache.mina.common.support.AbstractIoFilterChain.access$800(AbstractIoFilterChain.java:51) [andes_3.3.11.jar:?]
	at org.wso2.org.apache.mina.common.support.AbstractIoFilterChain$EntryImpl$1.sessionClosed(AbstractIoFilterChain.java:631) [andes_3.3.11.jar:?]
	at org.wso2.org.apache.mina.filter.executor.ExecutorFilter.processEvent(ExecutorFilter.java:230) [andes_3.3.11.jar:?]
	at org.wso2.org.apache.mina.filter.executor.ExecutorFilter$ProcessEventsRunnable.run(ExecutorFilter.java:264) [andes_3.3.11.jar:?]
	at java.util.concurrent.ThreadPoolExecutor.runWorker(ThreadPoolExecutor.java:1128) [?:?]
	at java.util.concurrent.ThreadPoolExecutor$Worker.run(ThreadPoolExecutor.java:628) [?:?]
	at org.wso2.org.apache.mina.util.NamePreservingRunnable.run(NamePreservingRunnable.java:51) [andes_3.3.11.jar:?]
	at java.lang.Thread.run(Thread.java:829) [?:?]
2023-02-13T10:47:55,167 [-] [MinaNetworkTransport(Acceptor)-1] ERROR AMQProtocolEngine Exception caught in/127.0.0.1:60418(admin), closing session explictly: java.lang.NullPointerException
java.lang.NullPointerException: null
	at org.wso2.carbon.andes.authorization.andes.AndesAuthorizationHandler.isAdmin(AndesAuthorizationHandler.java:821) ~[org.wso2.carbon.andes.authorization_3.3.15.jar:?]
	at org.wso2.carbon.andes.authorization.andes.AndesAuthorizationHandler.handleUnbindQueue(AndesAuthorizationHandler.java:626) ~[org.wso2.carbon.andes.authorization_3.3.15.jar:?]
	at org.wso2.carbon.andes.authorization.service.andes.AndesAuthorizationPlugin.authorise(AndesAuthorizationPlugin.java:165) ~[org.wso2.carbon.andes.authorization_3.3.15.jar:?]
	at org.wso2.andes.server.security.SecurityManager$14.allowed(SecurityManager.java:416) ~[andes_3.3.11.jar:?]
	at org.wso2.andes.server.security.SecurityManager.checkAllPlugins(SecurityManager.java:238) ~[andes_3.3.11.jar:?]
	at org.wso2.andes.server.security.SecurityManager.authoriseUnbind(SecurityManager.java:412) ~[andes_3.3.11.jar:?]
	at org.wso2.andes.server.binding.BindingFactory.removeBinding(BindingFactory.java:273) ~[andes_3.3.11.jar:?]
	at org.wso2.andes.server.binding.BindingFactory.removeBinding(BindingFactory.java:252) ~[andes_3.3.11.jar:?]
	at org.wso2.andes.server.queue.SimpleAMQQueue.delete(SimpleAMQQueue.java:1416) ~[andes_3.3.11.jar:?]
	at org.wso2.andes.server.queue.SimpleAMQQueue.unregisterSubscription(SimpleAMQQueue.java:515) ~[andes_3.3.11.jar:?]
	at org.wso2.andes.server.AMQChannel.unsubscribeAllConsumers(AMQChannel.java:804) ~[andes_3.3.11.jar:?]
	at org.wso2.andes.server.AMQChannel.close(AMQChannel.java:744) ~[andes_3.3.11.jar:?]
	at org.wso2.andes.server.protocol.AMQProtocolEngine.closeAllChannels(AMQProtocolEngine.java:728) ~[andes_3.3.11.jar:?]
	at org.wso2.andes.server.protocol.AMQProtocolEngine.closeSession(AMQProtocolEngine.java:755) ~[andes_3.3.11.jar:?]
	at org.wso2.andes.server.protocol.AMQProtocolEngine.closed(AMQProtocolEngine.java:1025) ~[andes_3.3.11.jar:?]
	at org.wso2.andes.server.protocol.MultiVersionProtocolEngine.closed(MultiVersionProtocolEngine.java:79) ~[andes_3.3.11.jar:?]
	at org.wso2.andes.transport.network.mina.MinaNetworkHandler.sessionClosed(MinaNetworkHandler.java:150) ~[andes_3.3.11.jar:?]
	at org.wso2.org.apache.mina.common.support.AbstractIoFilterChain$TailFilter.sessionClosed(AbstractIoFilterChain.java:548) ~[andes_3.3.11.jar:?]
	at org.wso2.org.apache.mina.common.support.AbstractIoFilterChain.callNextSessionClosed(AbstractIoFilterChain.java:267) [andes_3.3.11.jar:?]
	at org.wso2.org.apache.mina.common.support.AbstractIoFilterChain.access$800(AbstractIoFilterChain.java:51) [andes_3.3.11.jar:?]
	at org.wso2.org.apache.mina.common.support.AbstractIoFilterChain$EntryImpl$1.sessionClosed(AbstractIoFilterChain.java:631) [andes_3.3.11.jar:?]
	at org.wso2.org.apache.mina.common.IoFilterAdapter.sessionClosed(IoFilterAdapter.java:65) [andes_3.3.11.jar:?]
	at org.wso2.org.apache.mina.common.support.AbstractIoFilterChain.callNextSessionClosed(AbstractIoFilterChain.java:267) [andes_3.3.11.jar:?]
	at org.wso2.org.apache.mina.common.support.AbstractIoFilterChain.access$800(AbstractIoFilterChain.java:51) [andes_3.3.11.jar:?]
	at org.wso2.org.apache.mina.common.support.AbstractIoFilterChain$EntryImpl$1.sessionClosed(AbstractIoFilterChain.java:631) [andes_3.3.11.jar:?]
	at org.wso2.org.apache.mina.filter.executor.ExecutorFilter.processEvent(ExecutorFilter.java:230) [andes_3.3.11.jar:?]
	at org.wso2.org.apache.mina.filter.executor.ExecutorFilter$ProcessEventsRunnable.run(ExecutorFilter.java:264) [andes_3.3.11.jar:?]
	at java.util.concurrent.ThreadPoolExecutor.runWorker(ThreadPoolExecutor.java:1128) [?:?]
	at java.util.concurrent.ThreadPoolExecutor$Worker.run(ThreadPoolExecutor.java:628) [?:?]
	at org.wso2.org.apache.mina.util.NamePreservingRunnable.run(NamePreservingRunnable.java:51) [andes_3.3.11.jar:?]
	at java.lang.Thread.run(Thread.java:829) [?:?]
2023-02-13T10:47:55,167 [-] [MinaNetworkTransport(Acceptor)-2] ERROR AMQProtocolEngine Exception caught in/127.0.0.1:60420(admin), closing session explictly: java.lang.NullPointerException
java.lang.NullPointerException: null
	at org.wso2.carbon.andes.authorization.andes.AndesAuthorizationHandler.isAdmin(AndesAuthorizationHandler.java:821) ~[org.wso2.carbon.andes.authorization_3.3.15.jar:?]
	at org.wso2.carbon.andes.authorization.andes.AndesAuthorizationHandler.handleUnbindQueue(AndesAuthorizationHandler.java:626) ~[org.wso2.carbon.andes.authorization_3.3.15.jar:?]
	at org.wso2.carbon.andes.authorization.service.andes.AndesAuthorizationPlugin.authorise(AndesAuthorizationPlugin.java:165) ~[org.wso2.carbon.andes.authorization_3.3.15.jar:?]
	at org.wso2.andes.server.security.SecurityManager$14.allowed(SecurityManager.java:416) ~[andes_3.3.11.jar:?]
	at org.wso2.andes.server.security.SecurityManager.checkAllPlugins(SecurityManager.java:238) ~[andes_3.3.11.jar:?]
	at org.wso2.andes.server.security.SecurityManager.authoriseUnbind(SecurityManager.java:412) ~[andes_3.3.11.jar:?]
	at org.wso2.andes.server.binding.BindingFactory.removeBinding(BindingFactory.java:273) ~[andes_3.3.11.jar:?]
	at org.wso2.andes.server.binding.BindingFactory.removeBinding(BindingFactory.java:252) ~[andes_3.3.11.jar:?]
	at org.wso2.andes.server.queue.SimpleAMQQueue.delete(SimpleAMQQueue.java:1416) ~[andes_3.3.11.jar:?]
	at org.wso2.andes.server.queue.SimpleAMQQueue.unregisterSubscription(SimpleAMQQueue.java:515) ~[andes_3.3.11.jar:?]
	at org.wso2.andes.server.AMQChannel.unsubscribeAllConsumers(AMQChannel.java:804) ~[andes_3.3.11.jar:?]
	at org.wso2.andes.server.AMQChannel.close(AMQChannel.java:744) ~[andes_3.3.11.jar:?]
	at org.wso2.andes.server.protocol.AMQProtocolEngine.closeAllChannels(AMQProtocolEngine.java:728) ~[andes_3.3.11.jar:?]
	at org.wso2.andes.server.protocol.AMQProtocolEngine.closeSession(AMQProtocolEngine.java:755) ~[andes_3.3.11.jar:?]
	at org.wso2.andes.server.protocol.AMQProtocolEngine.closed(AMQProtocolEngine.java:1025) ~[andes_3.3.11.jar:?]
	at org.wso2.andes.server.protocol.MultiVersionProtocolEngine.closed(MultiVersionProtocolEngine.java:79) ~[andes_3.3.11.jar:?]
	at org.wso2.andes.transport.network.mina.MinaNetworkHandler.sessionClosed(MinaNetworkHandler.java:150) ~[andes_3.3.11.jar:?]
	at org.wso2.org.apache.mina.common.support.AbstractIoFilterChain$TailFilter.sessionClosed(AbstractIoFilterChain.java:548) ~[andes_3.3.11.jar:?]
	at org.wso2.org.apache.mina.common.support.AbstractIoFilterChain.callNextSessionClosed(AbstractIoFilterChain.java:267) [andes_3.3.11.jar:?]
	at org.wso2.org.apache.mina.common.support.AbstractIoFilterChain.access$800(AbstractIoFilterChain.java:51) [andes_3.3.11.jar:?]
	at org.wso2.org.apache.mina.common.support.AbstractIoFilterChain$EntryImpl$1.sessionClosed(AbstractIoFilterChain.java:631) [andes_3.3.11.jar:?]
	at org.wso2.org.apache.mina.common.IoFilterAdapter.sessionClosed(IoFilterAdapter.java:65) [andes_3.3.11.jar:?]
	at org.wso2.org.apache.mina.common.support.AbstractIoFilterChain.callNextSessionClosed(AbstractIoFilterChain.java:267) [andes_3.3.11.jar:?]
	at org.wso2.org.apache.mina.common.support.AbstractIoFilterChain.access$800(AbstractIoFilterChain.java:51) [andes_3.3.11.jar:?]
	at org.wso2.org.apache.mina.common.support.AbstractIoFilterChain$EntryImpl$1.sessionClosed(AbstractIoFilterChain.java:631) [andes_3.3.11.jar:?]
	at org.wso2.org.apache.mina.filter.executor.ExecutorFilter.processEvent(ExecutorFilter.java:230) [andes_3.3.11.jar:?]
	at org.wso2.org.apache.mina.filter.executor.ExecutorFilter$ProcessEventsRunnable.run(ExecutorFilter.java:264) [andes_3.3.11.jar:?]
	at java.util.concurrent.ThreadPoolExecutor.runWorker(ThreadPoolExecutor.java:1128) [?:?]
	at java.util.concurrent.ThreadPoolExecutor$Worker.run(ThreadPoolExecutor.java:628) [?:?]
	at org.wso2.org.apache.mina.util.NamePreservingRunnable.run(NamePreservingRunnable.java:51) [andes_3.3.11.jar:?]
	at java.lang.Thread.run(Thread.java:829) [?:?]
2023-02-13T10:47:55,167 [-] [MinaNetworkTransport(Acceptor)-15] ERROR AMQProtocolEngine Exception caught in/127.0.0.1:60434(admin), closing session explictly: java.lang.NullPointerException
java.lang.NullPointerException: null
	at org.wso2.carbon.andes.authorization.andes.AndesAuthorizationHandler.isAdmin(AndesAuthorizationHandler.java:821) ~[org.wso2.carbon.andes.authorization_3.3.15.jar:?]
	at org.wso2.carbon.andes.authorization.andes.AndesAuthorizationHandler.handleUnbindQueue(AndesAuthorizationHandler.java:626) ~[org.wso2.carbon.andes.authorization_3.3.15.jar:?]
	at org.wso2.carbon.andes.authorization.service.andes.AndesAuthorizationPlugin.authorise(AndesAuthorizationPlugin.java:165) ~[org.wso2.carbon.andes.authorization_3.3.15.jar:?]
	at org.wso2.andes.server.security.SecurityManager$14.allowed(SecurityManager.java:416) ~[andes_3.3.11.jar:?]
	at org.wso2.andes.server.security.SecurityManager.checkAllPlugins(SecurityManager.java:238) ~[andes_3.3.11.jar:?]
	at org.wso2.andes.server.security.SecurityManager.authoriseUnbind(SecurityManager.java:412) ~[andes_3.3.11.jar:?]
	at org.wso2.andes.server.binding.BindingFactory.removeBinding(BindingFactory.java:273) ~[andes_3.3.11.jar:?]
	at org.wso2.andes.server.binding.BindingFactory.removeBinding(BindingFactory.java:252) ~[andes_3.3.11.jar:?]
	at org.wso2.andes.server.queue.SimpleAMQQueue.delete(SimpleAMQQueue.java:1416) ~[andes_3.3.11.jar:?]
	at org.wso2.andes.server.queue.SimpleAMQQueue.unregisterSubscription(SimpleAMQQueue.java:515) ~[andes_3.3.11.jar:?]
	at org.wso2.andes.server.AMQChannel.unsubscribeAllConsumers(AMQChannel.java:804) ~[andes_3.3.11.jar:?]
	at org.wso2.andes.server.AMQChannel.close(AMQChannel.java:744) ~[andes_3.3.11.jar:?]
	at org.wso2.andes.server.protocol.AMQProtocolEngine.closeAllChannels(AMQProtocolEngine.java:728) ~[andes_3.3.11.jar:?]
	at org.wso2.andes.server.protocol.AMQProtocolEngine.closeSession(AMQProtocolEngine.java:755) ~[andes_3.3.11.jar:?]
	at org.wso2.andes.server.protocol.AMQProtocolEngine.closed(AMQProtocolEngine.java:1025) ~[andes_3.3.11.jar:?]
	at org.wso2.andes.server.protocol.MultiVersionProtocolEngine.closed(MultiVersionProtocolEngine.java:79) ~[andes_3.3.11.jar:?]
	at org.wso2.andes.transport.network.mina.MinaNetworkHandler.sessionClosed(MinaNetworkHandler.java:150) ~[andes_3.3.11.jar:?]
	at org.wso2.org.apache.mina.common.support.AbstractIoFilterChain$TailFilter.sessionClosed(AbstractIoFilterChain.java:548) ~[andes_3.3.11.jar:?]
	at org.wso2.org.apache.mina.common.support.AbstractIoFilterChain.callNextSessionClosed(AbstractIoFilterChain.java:267) [andes_3.3.11.jar:?]
	at org.wso2.org.apache.mina.common.support.AbstractIoFilterChain.access$800(AbstractIoFilterChain.java:51) [andes_3.3.11.jar:?]
	at org.wso2.org.apache.mina.common.support.AbstractIoFilterChain$EntryImpl$1.sessionClosed(AbstractIoFilterChain.java:631) [andes_3.3.11.jar:?]
	at org.wso2.org.apache.mina.common.IoFilterAdapter.sessionClosed(IoFilterAdapter.java:65) [andes_3.3.11.jar:?]
	at org.wso2.org.apache.mina.common.support.AbstractIoFilterChain.callNextSessionClosed(AbstractIoFilterChain.java:267) [andes_3.3.11.jar:?]
	at org.wso2.org.apache.mina.common.support.AbstractIoFilterChain.access$800(AbstractIoFilterChain.java:51) [andes_3.3.11.jar:?]
	at org.wso2.org.apache.mina.common.support.AbstractIoFilterChain$EntryImpl$1.sessionClosed(AbstractIoFilterChain.java:631) [andes_3.3.11.jar:?]
	at org.wso2.org.apache.mina.filter.executor.ExecutorFilter.processEvent(ExecutorFilter.java:230) [andes_3.3.11.jar:?]
	at org.wso2.org.apache.mina.filter.executor.ExecutorFilter$ProcessEventsRunnable.run(ExecutorFilter.java:264) [andes_3.3.11.jar:?]
	at java.util.concurrent.ThreadPoolExecutor.runWorker(ThreadPoolExecutor.java:1128) [?:?]
	at java.util.concurrent.ThreadPoolExecutor$Worker.run(ThreadPoolExecutor.java:628) [?:?]
	at org.wso2.org.apache.mina.util.NamePreservingRunnable.run(NamePreservingRunnable.java:51) [andes_3.3.11.jar:?]
	at java.lang.Thread.run(Thread.java:829) [?:?]
